$ build-storybook --output-dir C:\Users\user\AppData\Local\Temp\chromatic--21172-4vg66z0e7jsK
info @storybook/react v6.4.9
info 
info => Cleaning outputDir: C:\Users\user\AppData\Local\Temp\chromatic--21172-4vg66z0e7jsK
info => Loading presets
info Found existing addon "@storybook/addon-actions", skipping.
info => Copying static files: D:\csrs\frontend\src at C:\Users\user\AppData\Local\Temp\chromatic--21172-4vg66z0e7jsK\
info => Compiling manager..
info => Compiling preview..
info => Loading Webpack configuration from `node_modules\react-scripts`
info => Removing existing JavaScript and TypeScript rules.
info => Modifying Create React App rules.
info => Using default Webpack5 setup
<s> [webpack.Progress] 0% 

<s> [webpack.Progress] 1% setup initialize
<s> [webpack.Progress] 1% setup initialize HtmlWebpackPlugin
<s> [webpack.Progress] 1% setup initialize
<s> [webpack.Progress] 2% setup before run
<s> [webpack.Progress] 2% setup before run NodeEnvironmentPlugin
<s> [webpack.Progress] 2% setup before run
<s> [webpack.Progress] 3% setup run
<s> [webpack.Progress] 3% setup run ESLintWebpackPlugin_1
<s> [webpack.Progress] 3% setup run
<s> [webpack.Progress] 4% setup normal module factory
<s> [webpack.Progress] 4% setup normal module factory CaseSensitivePathsPlugin
<s> [webpack.Progress] 4% setup normal module factory ModuleNotFoundPlugin
<s> [webpack.Progress] 4% setup normal module factory IgnorePlugin
<s> [webpack.Progress] 4% setup normal module factory
<s> [webpack.Progress] 5% setup context module factory
<s> [webpack.Progress] 5% setup context module factory IgnorePlugin
<s> [webpack.Progress] 5% setup context module factory
<s> [webpack.Progress] 6% setup before compile
<s> [webpack.Progress] 6% setup before compile ProgressPlugin
<s> [webpack.Progress] 6% setup before compile
<s> [webpack.Progress] 7% setup compile
<s> [webpack.Progress] 7% setup compile ExternalsPlugin
<s> [webpack.Progress] 7% setup compile
<s> [webpack.Progress] 8% setup compilation
<s> [webpack.Progress] 8% setup compilation mini-css-extract-plugin
<s> [webpack.Progress] 8% setup compilation ArrayPushCallbackChunkFormatPlugin
<s> [webpack.Progress] 8% setup compilation JsonpChunkLoadingPlugin
<s> [webpack.Progress] 8% setup compilation StartupChunkDependenciesPlugin
<s> [webpack.Progress] 8% setup compilation ImportScriptsChunkLoadingPlugin
<s> [webpack.Progress] 8% setup compilation FetchCompileWasmPlugin
<s> [webpack.Progress] 8% setup compilation FetchCompileAsyncWasmPlugin
<s> [webpack.Progress] 8% setup compilation WorkerPlugin
<s> [webpack.Progress] 8% setup compilation SplitChunksPlugin
<s> [webpack.Progress] 8% setup compilation RuntimeChunkPlugin
<s> [webpack.Progress] 8% setup compilation ResolverCachePlugin
<s> [webpack.Progress] 8% setup compilation HtmlWebpackPlugin
<s> [webpack.Progress] 8% setup compilation
<s> [webpack.Progress] 9% setup compilation
<s> [webpack.Progress] 9% setup compilation DefinePlugin
<s> [webpack.Progress] 9% setup compilation ProvidePlugin
<s> [webpack.Progress] 9% setup compilation ProgressPlugin
<s> [webpack.Progress] 9% setup compilation InlineChunkHtmlPlugin
<s> [webpack.Progress] 9% setup compilation InterpolateHtmlPlugin
<s> [webpack.Progress] 9% setup compilation mini-css-extract-plugin
<s> [webpack.Progress] 9% setup compilation ChunkPrefetchPreloadPlugin
<s> [webpack.Progress] 9% setup compilation SourceMapDevToolPlugin
<s> [webpack.Progress] 9% setup compilation JavascriptModulesPlugin
<s> [webpack.Progress] 9% setup compilation JsonModulesPlugin
<s> [webpack.Progress] 9% setup compilation AssetModulesPlugin
<s> [webpack.Progress] 9% setup compilation EntryPlugin
<s> [webpack.Progress] 9% setup compilation EntryPlugin
<s> [webpack.Progress] 9% setup compilation EntryPlugin
<s> [webpack.Progress] 9% setup compilation EntryPlugin
<s> [webpack.Progress] 9% setup compilation EntryPlugin
<s> [webpack.Progress] 9% setup compilation EntryPlugin
<s> [webpack.Progress] 9% setup compilation EntryPlugin
<s> [webpack.Progress] 9% setup compilation EntryPlugin
<s> [webpack.Progress] 9% setup compilation EntryPlugin
<s> [webpack.Progress] 9% setup compilation EntryPlugin
<s> [webpack.Progress] 9% setup compilation EntryPlugin
<s> [webpack.Progress] 9% setup compilation EntryPlugin
<s> [webpack.Progress] 9% setup compilation EntryPlugin
<s> [webpack.Progress] 9% setup compilation EntryPlugin
<s> [webpack.Progress] 9% setup compilation EntryPlugin
<s> [webpack.Progress] 9% setup compilation EntryPlugin
<s> [webpack.Progress] 9% setup compilation RuntimePlugin
<s> [webpack.Progress] 9% setup compilation InferAsyncModulesPlugin
<s> [webpack.Progress] 9% setup compilation DataUriPlugin
<s> [webpack.Progress] 9% setup compilation FileUriPlugin
<s> [webpack.Progress] 9% setup compilation CompatibilityPlugin
<s> [webpack.Progress] 9% setup compilation HarmonyModulesPlugin
<s> [webpack.Progress] 9% setup compilation AMDPlugin
<s> [webpack.Progress] 9% setup compilation RequireJsStuffPlugin
<s> [webpack.Progress] 9% setup compilation CommonJsPlugin
<s> [webpack.Progress] 9% setup compilation LoaderPlugin
<s> [webpack.Progress] 9% setup compilation LoaderPlugin
<s> [webpack.Progress] 9% setup compilation NodeStuffPlugin
<s> [webpack.Progress] 9% setup compilation APIPlugin
<s> [webpack.Progress] 9% setup compilation ExportsInfoApiPlugin
<s> [webpack.Progress] 9% setup compilation WebpackIsIncludedPlugin
<s> [webpack.Progress] 9% setup compilation ConstPlugin
<s> [webpack.Progress] 9% setup compilation UseStrictPlugin
<s> [webpack.Progress] 9% setup compilation RequireIncludePlugin
<s> [webpack.Progress] 9% setup compilation RequireEnsurePlugin
<s> [webpack.Progress] 9% setup compilation RequireContextPlugin
<s> [webpack.Progress] 9% setup compilation ImportPlugin
<s> [webpack.Progress] 9% setup compilation SystemPlugin
<s> [webpack.Progress] 9% setup compilation ImportMetaPlugin
<s> [webpack.Progress] 9% setup compilation URLPlugin
<s> [webpack.Progress] 9% setup compilation DefaultStatsFactoryPlugin
<s> [webpack.Progress] 9% setup compilation DefaultStatsPresetPlugin
<s> [webpack.Progress] 9% setup compilation DefaultStatsPrinterPlugin
<s> [webpack.Progress] 9% setup compilation JavascriptMetaInfoPlugin
<s> [webpack.Progress] 9% setup compilation EnsureChunkConditionsPlugin
<s> [webpack.Progress] 9% setup compilation RemoveEmptyChunksPlugin
<s> [webpack.Progress] 9% setup compilation MergeDuplicateChunksPlugin
<s> [webpack.Progress] 9% setup compilation FlagIncludedChunksPlugin
<s> [webpack.Progress] 9% setup compilation SideEffectsFlagPlugin
<s> [webpack.Progress] 9% setup compilation FlagDependencyExportsPlugin
<s> [webpack.Progress] 9% setup compilation FlagDependencyUsagePlugin
<s> [webpack.Progress] 9% setup compilation InnerGraphPlugin
<s> [webpack.Progress] 9% setup compilation MangleExportsPlugin
<s> [webpack.Progress] 9% setup compilation ModuleConcatenationPlugin
<s> [webpack.Progress] 9% setup compilation NoEmitOnErrorsPlugin
<s> [webpack.Progress] 9% setup compilation RealContentHashPlugin
<s> [webpack.Progress] 9% setup compilation WasmFinalizeExportsPlugin
<s> [webpack.Progress] 9% setup compilation NamedModuleIdsPlugin
<s> [webpack.Progress] 9% setup compilation DeterministicChunkIdsPlugin
<s> [webpack.Progress] 9% setup compilation DefinePlugin
<s> [webpack.Progress] 9% setup compilation TerserPlugin
<s> [webpack.Progress] 9% setup compilation TemplatedPathPlugin
<s> [webpack.Progress] 9% setup compilation RecordIdsPlugin
<s> [webpack.Progress] 9% setup compilation WarnCaseSensitiveModulesPlugin
<s> [webpack.Progress] 9% setup compilation IgnoreWarningsPlugin
<s> [webpack.Progress] 9% setup compilation ESLintWebpackPlugin_1
<s> [webpack.Progress] 9% setup compilation
<s> [webpack.Progress] 10% building
<s> [webpack.Progress] 10% building 0/1 entries 0/0 dependencies 0/0 modules
<s> [webpack.Progress] 10% building import loader ./node_modules/babel-loader/lib/index.js
<s> [webpack.Progress] 10% building import loader ./node_modules/source-map-loader/dist/cjs.js
<s> [webpack.Progress] 10% building 0/16 entries 6/21 dependencies 0/5 modules
<s> [webpack.Progress] 10% building 0/16 entries 18/45 dependencies 0/16 modules
<s> [webpack.Progress] 10% building 0/16 entries 97/200 dependencies 5/66 modules
<s> [webpack.Progress] 10% building import loader ./node_modules/@storybook/source-loader/dist/cjs/index.js
<s> [webpack.Progress] 10% building 0/16 entries 169/228 dependencies 7/95 modules
<s> [webpack.Progress] 10% building 0/16 entries 300/567 dependencies 11/164 modules
<s> [webpack.Progress] 10% building 0/16 entries 678/998 dependencies 18/269 modules
<s> [webpack.Progress] 13% building 1/16 entries 1143/1212 dependencies 66/334 modules
<s> [webpack.Progress] 13% building 1/16 entries 1400/1476 dependencies 99/375 modules
<s> [webpack.Progress] 13% building 1/16 entries 1700/1791 dependencies 144/431 modules
<s> [webpack.Progress] 13% building 1/16 entries 2053/2100 dependencies 243/489 modules
<s> [webpack.Progress] 13% building 1/16 entries 2362/2500 dependencies 300/531 modules
<s> [webpack.Progress] 13% building 1/16 entries 2712/2900 dependencies 321/601 modules
<s> [webpack.Progress] 13% building 1/16 entries 3000/3184 dependencies 359/648 modules
<s> [webpack.Progress] 15% building 1/16 entries 3300/3385 dependencies 459/722 modules
<s> [webpack.Progress] 15% building 1/16 entries 3500/3625 dependencies 494/794 modules
<s> [webpack.Progress] 15% building 1/16 entries 3700/3780 dependencies 535/874 modules
<s> [webpack.Progress] 17% building 1/16 entries 4000/4081 dependencies 650/970 modules
<s> [webpack.Progress] 17% building 1/16 entries 4100/4135 dependencies 660/998 modules
<s> [webpack.Progress] 18% building 1/16 entries 4356/4500 dependencies 733/1050 modules
<s> [webpack.Progress] 19% building 2/16 entries 4663/4678 dependencies 865/1106 modules
<s> [webpack.Progress] 20% building 3/16 entries 4663/4678 dependencies 865/1106 modules
<s> [webpack.Progress] 23% building 4/16 entries 4663/4678 dependencies 865/1106 modules
<s> [webpack.Progress] 27% building 5/16 entries 4663/4678 dependencies 865/1106 modules
<s> [webpack.Progress] 30% building 6/16 entries 4663/4678 dependencies 865/1106 modules
<s> [webpack.Progress] 34% building 7/16 entries 4663/4678 dependencies 865/1106 modules
<s> [webpack.Progress] 37% building 8/16 entries 4663/4678 dependencies 865/1106 modules
<s> [webpack.Progress] 40% building 9/16 entries 4663/4678 dependencies 865/1106 modules
<s> [webpack.Progress] 44% building 10/16 entries 4663/4678 dependencies 865/1106 modules
<s> [webpack.Progress] 47% building 11/16 entries 4663/4678 dependencies 865/1106 modules
<s> [webpack.Progress] 51% building 12/16 entries 5015/5080 dependencies 1033/1171 modules
<s> [webpack.Progress] 51% building 12/16 entries 5600/5676 dependencies 1202/1315 modules
<s> [webpack.Progress] 54% building 13/16 entries 5649/5677 dependencies 1235/1315 modules
<s> [webpack.Progress] 58% building 14/16 entries 5851/5853 dependencies 1352/1369 modules
<s> [webpack.Progress] 61% building 15/16 entries 5851/5853 dependencies 1353/1369 modules
<s> [webpack.Progress] 65% building 16/16 entries 5853/5853 dependencies 1369/1369 modules
<s> [webpack.Progress] 65% building
<s> [webpack.Progress] 69% building finish
<s> [webpack.Progress] 69% building finish
<s> [webpack.Progress] 70% sealing finish module graph
<s> [webpack.Progress] 70% sealing finish module graph ResolverCachePlugin
<s> [webpack.Progress] 70% sealing finish module graph InferAsyncModulesPlugin
<s> [webpack.Progress] 70% sealing finish module graph FlagDependencyExportsPlugin
<s> [webpack.Progress] 70% sealing finish module graph InnerGraphPlugin
<s> [webpack.Progress] 70% sealing finish module graph WasmFinalizeExportsPlugin
<s> [webpack.Progress] 70% sealing finish module graph ESLintWebpackPlugin_1
<s> [webpack.Progress] 70% sealing finish module graph
<s> [webpack.Progress] 70% sealing plugins
<s> [webpack.Progress] 70% sealing plugins WarnCaseSensitiveModulesPlugin
<s> [webpack.Progress] 70% sealing plugins
<s> [webpack.Progress] 71% sealing dependencies optimization
<s> [webpack.Progress] 71% sealing dependencies optimization SideEffectsFlagPlugin
<s> [webpack.Progress] 71% sealing dependencies optimization FlagDependencyUsagePlugin
<s> [webpack.Progress] 71% sealing dependencies optimization
<s> [webpack.Progress] 71% sealing after dependencies optimization
<s> [webpack.Progress] 71% sealing after dependencies optimization
<s> [webpack.Progress] 72% sealing chunk graph
<s> [webpack.Progress] 72% sealing chunk graph
<s> [webpack.Progress] 73% sealing after chunk graph
<s> [webpack.Progress] 73% sealing after chunk graph
<s> [webpack.Progress] 73% sealing optimizing
<s> [webpack.Progress] 73% sealing optimizing
<s> [webpack.Progress] 74% sealing module optimization
<s> [webpack.Progress] 74% sealing module optimization
<s> [webpack.Progress] 75% sealing after module optimization
<s> [webpack.Progress] 75% sealing after module optimization
<s> [webpack.Progress] 75% sealing chunk optimization
<s> [webpack.Progress] 75% sealing chunk optimization EnsureChunkConditionsPlugin
<s> [webpack.Progress] 75% sealing chunk optimization RemoveEmptyChunksPlugin
<s> [webpack.Progress] 75% sealing chunk optimization MergeDuplicateChunksPlugin
<s> [webpack.Progress] 75% sealing chunk optimization SplitChunksPlugin
<s> [webpack.Progress] 75% sealing chunk optimization RemoveEmptyChunksPlugin
<s> [webpack.Progress] 75% sealing chunk optimization
<s> [webpack.Progress] 76% sealing after chunk optimization
<s> [webpack.Progress] 76% sealing after chunk optimization
<s> [webpack.Progress] 77% sealing module and chunk tree optimization
<s> [webpack.Progress] 77% sealing module and chunk tree optimization PersistentChildCompilerSingletonPlugin
<s> [webpack.Progress] 77% sealing module and chunk tree optimization
<s> [webpack.Progress] 77% sealing after module and chunk tree optimization
<s> [webpack.Progress] 77% sealing after module and chunk tree optimization
<s> [webpack.Progress] 78% sealing chunk modules optimization
<s> [webpack.Progress] 78% sealing chunk modules optimization ModuleConcatenationPlugin
<s> [webpack.Progress] 78% sealing chunk modules optimization
<s> [webpack.Progress] 78% sealing after chunk modules optimization
<s> [webpack.Progress] 78% sealing after chunk modules optimization
<s> [webpack.Progress] 79% sealing module reviving
<s> [webpack.Progress] 79% sealing module reviving RecordIdsPlugin
<s> [webpack.Progress] 79% sealing module reviving
<s> [webpack.Progress] 80% sealing before module ids
<s> [webpack.Progress] 80% sealing before module ids
<s> [webpack.Progress] 80% sealing module ids
<s> [webpack.Progress] 80% sealing module ids NamedModuleIdsPlugin
<s> [webpack.Progress] 80% sealing module ids
<s> [webpack.Progress] 81% sealing module id optimization
<s> [webpack.Progress] 81% sealing module id optimization
<s> [webpack.Progress] 82% sealing module id optimization
<s> [webpack.Progress] 82% sealing module id optimization
<s> [webpack.Progress] 82% sealing chunk reviving
<s> [webpack.Progress] 82% sealing chunk reviving RecordIdsPlugin
<s> [webpack.Progress] 82% sealing chunk reviving
<s> [webpack.Progress] 83% sealing before chunk ids
<s> [webpack.Progress] 83% sealing before chunk ids
<s> [webpack.Progress] 84% sealing chunk ids
<s> [webpack.Progress] 84% sealing chunk ids DeterministicChunkIdsPlugin
<s> [webpack.Progress] 84% sealing chunk ids
<s> [webpack.Progress] 84% sealing chunk id optimization
<s> [webpack.Progress] 84% sealing chunk id optimization FlagIncludedChunksPlugin
<s> [webpack.Progress] 84% sealing chunk id optimization
<s> [webpack.Progress] 85% sealing after chunk id optimization
<s> [webpack.Progress] 85% sealing after chunk id optimization
<s> [webpack.Progress] 86% sealing record modules
<s> [webpack.Progress] 86% sealing record modules RecordIdsPlugin
<s> [webpack.Progress] 86% sealing record modules
<s> [webpack.Progress] 86% sealing record chunks
<s> [webpack.Progress] 86% sealing record chunks RecordIdsPlugin
<s> [webpack.Progress] 86% sealing record chunks
<s> [webpack.Progress] 87% sealing module hashing
<s> [webpack.Progress] 87% sealing module hashing
<s> [webpack.Progress] 87% sealing code generation
<s> [webpack.Progress] 87% sealing code generation
<s> [webpack.Progress] 88% sealing runtime requirements
<s> [webpack.Progress] 88% sealing runtime requirements
<s> [webpack.Progress] 89% sealing hashing
<s> [webpack.Progress] 89% sealing hashing
<s> [webpack.Progress] 89% sealing after hashing
<s> [webpack.Progress] 89% sealing after hashing
<s> [webpack.Progress] 90% sealing record hash
<s> [webpack.Progress] 90% sealing record hash
<s> [webpack.Progress] 91% sealing module assets processing
<s> [webpack.Progress] 91% sealing module assets processing
<s> [webpack.Progress] 91% sealing chunk assets processing
<s> [webpack.Progress] 91% sealing chunk assets processing
<s> [webpack.Progress] 92% sealing asset processing
<s> [webpack.Progress] 92% sealing asset processing ESLintWebpackPlugin_1
<s> [webpack.Progress] 92% sealing asset processing PersistentChildCompilerSingletonPlugin
<s> [webpack.Progress] 92% sealing asset processing TerserPlugin
<s> [webpack.Progress] 92% sealing asset processing SourceMapDevToolPlugin
<s> [webpack.Progress] 92% sealing asset processing SourceMapDevToolPlugin
<s> [webpack.Progress] 92% sealing asset processing SourceMapDevToolPlugin main.24039a75.iframe.bundle.js generate SourceMap
<s> [webpack.Progress] 92% sealing asset processing SourceMapDevToolPlugin main.24039a75.iframe.bundle.js generated SourceMap
<s> [webpack.Progress] 92% sealing asset processing SourceMapDevToolPlugin runtime~main.0d21f3cd.iframe.bundle.js generate SourceMap
<s> [webpack.Progress] 92% sealing asset processing SourceMapDevToolPlugin runtime~main.0d21f3cd.iframe.bundle.js generated SourceMap
<s> [webpack.Progress] 92% sealing asset processing SourceMapDevToolPlugin 701.0ef9f409.iframe.bundle.js generate SourceMap
<s> [webpack.Progress] 92% sealing asset processing SourceMapDevToolPlugin 701.0ef9f409.iframe.bundle.js generated SourceMap
<s> [webpack.Progress] 92% sealing asset processing SourceMapDevToolPlugin 169.a344cf76.iframe.bundle.js generate SourceMap
<s> [webpack.Progress] 92% sealing asset processing SourceMapDevToolPlugin 169.a344cf76.iframe.bundle.js generated SourceMap
<s> [webpack.Progress] 92% sealing asset processing SourceMapDevToolPlugin 861.8193b000.iframe.bundle.js generate SourceMap
<s> [webpack.Progress] 92% sealing asset processing SourceMapDevToolPlugin 861.8193b000.iframe.bundle.js generated SourceMap
<s> [webpack.Progress] 92% sealing asset processing SourceMapDevToolPlugin 574.02f82b77.iframe.bundle.js generate SourceMap
<s> [webpack.Progress] 92% sealing asset processing SourceMapDevToolPlugin 574.02f82b77.iframe.bundle.js generated SourceMap
<s> [webpack.Progress] 92% sealing asset processing SourceMapDevToolPlugin 881.298507af.iframe.bundle.js generate SourceMap
<s> [webpack.Progress] 92% sealing asset processing SourceMapDevToolPlugin 881.298507af.iframe.bundle.js generated SourceMap
<s> [webpack.Progress] 92% sealing asset processing SourceMapDevToolPlugin 459.dc2b2fa4.iframe.bundle.js generate SourceMap
<s> [webpack.Progress] 92% sealing asset processing SourceMapDevToolPlugin 459.dc2b2fa4.iframe.bundle.js generated SourceMap
<s> [webpack.Progress] 92% sealing asset processing SourceMapDevToolPlugin 331.027f4f3d.iframe.bundle.js generate SourceMap
<s> [webpack.Progress] 92% sealing asset processing SourceMapDevToolPlugin 331.027f4f3d.iframe.bundle.js generated SourceMap
<s> [webpack.Progress] 92% sealing asset processing SourceMapDevToolPlugin 73.acb8b2e4.iframe.bundle.js generate SourceMap
<s> [webpack.Progress] 92% sealing asset processing SourceMapDevToolPlugin 73.acb8b2e4.iframe.bundle.js generated SourceMap
<s> [webpack.Progress] 92% sealing asset processing SourceMapDevToolPlugin resolve sources
<s> [webpack.Progress] 92% sealing asset processing SourceMapDevToolPlugin
<s> [webpack.Progress] 92% sealing asset processing HtmlWebpackPlugin
<s> [webpack.Progress] 92% sealing asset processing HtmlWebpackPlugin
<s> [webpack.Progress] 92% sealing asset processing HtmlWebpackPlugin resolve sources
<s> [webpack.Progress] 92% sealing asset processing HtmlWebpackPlugin
<s> [webpack.Progress] 92% sealing asset processing RealContentHashPlugin
<s> [webpack.Progress] 92% sealing asset processing RealContentHashPlugin
<s> [webpack.Progress] 92% sealing asset processing RealContentHashPlugin main.36623bd7.iframe.bundle.js generate SourceMap
<s> [webpack.Progress] 92% sealing asset processing RealContentHashPlugin main.36623bd7.iframe.bundle.js generated SourceMap
<s> [webpack.Progress] 92% sealing asset processing RealContentHashPlugin runtime~main.e02aca70.iframe.bundle.js generate SourceMap
<s> [webpack.Progress] 92% sealing asset processing RealContentHashPlugin runtime~main.e02aca70.iframe.bundle.js generated SourceMap
<s> [webpack.Progress] 92% sealing asset processing RealContentHashPlugin 701.9c592f5e.iframe.bundle.js generate SourceMap
<s> [webpack.Progress] 92% sealing asset processing RealContentHashPlugin 701.9c592f5e.iframe.bundle.js generated SourceMap
<s> [webpack.Progress] 92% sealing asset processing RealContentHashPlugin 169.92bb15d6.iframe.bundle.js generate SourceMap
<s> [webpack.Progress] 92% sealing asset processing RealContentHashPlugin 169.92bb15d6.iframe.bundle.js generated SourceMap
<s> [webpack.Progress] 92% sealing asset processing RealContentHashPlugin 574.a485680e.iframe.bundle.js generate SourceMap
<s> [webpack.Progress] 92% sealing asset processing RealContentHashPlugin 574.a485680e.iframe.bundle.js generated SourceMap
<s> [webpack.Progress] 92% sealing asset processing RealContentHashPlugin 881.c06db441.iframe.bundle.js generate SourceMap
<s> [webpack.Progress] 92% sealing asset processing RealContentHashPlugin 881.c06db441.iframe.bundle.js generated SourceMap
<s> [webpack.Progress] 92% sealing asset processing RealContentHashPlugin 459.02d78ade.iframe.bundle.js generate SourceMap
<s> [webpack.Progress] 92% sealing asset processing RealContentHashPlugin 459.02d78ade.iframe.bundle.js generated SourceMap
<s> [webpack.Progress] 92% sealing asset processing RealContentHashPlugin 861.ad00d6d1.iframe.bundle.js generate SourceMap
<s> [webpack.Progress] 92% sealing asset processing RealContentHashPlugin 861.ad00d6d1.iframe.bundle.js generated SourceMap
<s> [webpack.Progress] 92% sealing asset processing RealContentHashPlugin 331.7f761c6c.iframe.bundle.js generate SourceMap
<s> [webpack.Progress] 92% sealing asset processing RealContentHashPlugin 331.7f761c6c.iframe.bundle.js generated SourceMap
<s> [webpack.Progress] 92% sealing asset processing RealContentHashPlugin 73.c036eb51.iframe.bundle.js generate SourceMap
<s> [webpack.Progress] 92% sealing asset processing RealContentHashPlugin 73.c036eb51.iframe.bundle.js generated SourceMap
<s> [webpack.Progress] 92% sealing asset processing RealContentHashPlugin resolve sources
<s> [webpack.Progress] 92% sealing asset processing RealContentHashPlugin
<s> [webpack.Progress] 92% sealing asset processing
<s> [webpack.Progress] 93% sealing after asset optimization
<s> [webpack.Progress] 93% sealing after asset optimization
<s> [webpack.Progress] 93% sealing recording
<s> [webpack.Progress] 93% sealing recording
<s> [webpack.Progress] 94% sealing after seal
<s> [webpack.Progress] 94% sealing after seal
<s> [webpack.Progress] 95% emitting emit
<s> [webpack.Progress] 95% emitting emit
<s> [webpack.Progress] 98% emitting after emit
<s> [webpack.Progress] 98% emitting after emit SizeLimitsPlugin
<s> [webpack.Progress] 98% emitting after emit
<s> [webpack.Progress] 99% done plugins
<s> [webpack.Progress] 99% done plugins CaseSensitivePathsPlugin
<s> [webpack.Progress] 99% done plugins
<s> [webpack.Progress] 99% 

<s> [webpack.Progress] 99% cache store build dependencies
<s> [webpack.Progress] 99% cache store build dependencies
<s> [webpack.Progress] 99% cache begin idle
<s> [webpack.Progress] 99% cache begin idle
<s> [webpack.Progress] 100% 

info => Preview built (48 s)
WARN There are multiple modules with names that only differ in casing.
WARN This can lead to unexpected behavior when compiling on a filesystem with other case-semantic.
WARN Use equal casing. Compare these module identifiers:
WARN * D:\CSRS\frontend\node_modules\call-bind\callBound.js
WARN     Used by 25 module(s), i. e.
WARN     D:\CSRS\frontend\node_modules\function.prototype.name\implementation.js
WARN * D:\csrs\frontend\node_modules\call-bind\callBound.js
WARN     Used by 3 module(s), i. e.
WARN     D:\csrs\frontend\node_modules\side-channel\index.js
WARN There are multiple modules with names that only differ in casing.
WARN This can lead to unexpected behavior when compiling on a filesystem with other case-semantic.
WARN Use equal casing. Compare these module identifiers:
WARN * D:\CSRS\frontend\node_modules\call-bind\index.js
WARN     Used by 6 module(s), i. e.
WARN     D:\CSRS\frontend\node_modules\call-bind\callBound.js
WARN * D:\csrs\frontend\node_modules\call-bind\index.js
WARN     Used by 2 module(s), i. e.
WARN     D:\csrs\frontend\node_modules\call-bind\callBound.js
WARN There are multiple modules with names that only differ in casing.
WARN This can lead to unexpected behavior when compiling on a filesystem with other case-semantic.
WARN Use equal casing. Compare these module identifiers:
WARN * D:\CSRS\frontend\node_modules\core-js\internals\a-callable.js
WARN     Used by 3 module(s), i. e.
WARN     D:\CSRS\frontend\node_modules\core-js\internals\get-method.js
WARN * D:\csrs\frontend\node_modules\core-js\internals\a-callable.js
WARN     Used by 7 module(s), i. e.
WARN     D:\csrs\frontend\node_modules\core-js\modules\es.promise.js
WARN There are multiple modules with names that only differ in casing.
WARN This can lead to unexpected behavior when compiling on a filesystem with other case-semantic.
WARN Use equal casing. Compare these module identifiers:
WARN * D:\CSRS\frontend\node_modules\core-js\internals\a-possible-prototype.js
WARN     Used by 2 module(s), i. e.
WARN     D:\CSRS\frontend\node_modules\core-js\internals\object-set-prototype-of.js
WARN * D:\csrs\frontend\node_modules\core-js\internals\a-possible-prototype.js
WARN     Used by 2 module(s), i. e.
WARN     D:\csrs\frontend\node_modules\core-js\internals\object-set-prototype-of.js
WARN There are multiple modules with names that only differ in casing.
WARN This can lead to unexpected behavior when compiling on a filesystem with other case-semantic.
WARN Use equal casing. Compare these module identifiers:
WARN * D:\CSRS\frontend\node_modules\core-js\internals\add-to-unscopables.js
WARN     Used by 2 module(s), i. e.
WARN     D:\CSRS\frontend\node_modules\core-js\modules\es.array.iterator.js
WARN * D:\csrs\frontend\node_modules\core-js\internals\add-to-unscopables.js
WARN     Used by 6 module(s), i. e.
WARN     D:\csrs\frontend\node_modules\core-js\modules\es.array.iterator.js
WARN There are multiple modules with names that only differ in casing.
WARN This can lead to unexpected behavior when compiling on a filesystem with other case-semantic.
WARN Use equal casing. Compare these module identifiers:
WARN * D:\CSRS\frontend\node_modules\core-js\internals\an-object.js
WARN     Used by 7 module(s), i. e.
WARN     D:\CSRS\frontend\node_modules\core-js\internals\object-define-property.js
WARN * D:\csrs\frontend\node_modules\core-js\internals\an-object.js
WARN     Used by 23 module(s), i. e.
WARN     D:\csrs\frontend\node_modules\core-js\modules\es.symbol.js
WARN There are multiple modules with names that only differ in casing.
WARN This can lead to unexpected behavior when compiling on a filesystem with other case-semantic.
WARN Use equal casing. Compare these module identifiers:
WARN * D:\CSRS\frontend\node_modules\core-js\internals\array-includes.js
WARN     Used by 2 module(s), i. e.
WARN     D:\CSRS\frontend\node_modules\core-js\internals\object-keys-internal.js
WARN * D:\csrs\frontend\node_modules\core-js\internals\array-includes.js
WARN     Used by 3 module(s), i. e.
WARN     D:\csrs\frontend\node_modules\core-js\modules\es.array.includes.js
WARN There are multiple modules with names that only differ in casing.
WARN This can lead to unexpected behavior when compiling on a filesystem with other case-semantic.
WARN Use equal casing. Compare these module identifiers:
WARN * D:\CSRS\frontend\node_modules\core-js\internals\array-iteration.js
WARN     Used by 2 module(s), i. e.
WARN     D:\CSRS\frontend\node_modules\core-js\modules\es.symbol.js
WARN * D:\csrs\frontend\node_modules\core-js\internals\array-iteration.js
WARN     Used by 8 module(s), i. e.
WARN     D:\csrs\frontend\node_modules\core-js\modules\es.symbol.js
WARN There are multiple modules with names that only differ in casing.
WARN This can lead to unexpected behavior when compiling on a filesystem with other case-semantic.
WARN Use equal casing. Compare these module identifiers:
WARN * D:\CSRS\frontend\node_modules\core-js\internals\array-method-has-species-support.js
WARN     Used by 2 module(s), i. e.
WARN     D:\CSRS\frontend\node_modules\core-js\modules\es.array.concat.js
WARN * D:\csrs\frontend\node_modules\core-js\internals\array-method-has-species-support.js
WARN     Used by 6 module(s), i. e.
WARN     D:\csrs\frontend\node_modules\core-js\modules\es.array.slice.js
WARN There are multiple modules with names that only differ in casing.
WARN This can lead to unexpected behavior when compiling on a filesystem with other case-semantic.
WARN Use equal casing. Compare these module identifiers:
WARN * D:\CSRS\frontend\node_modules\core-js\internals\array-slice-simple.js
WARN     Used by 2 module(s), i. e.
WARN     D:\CSRS\frontend\node_modules\core-js\internals\object-get-own-property-names-external.js
WARN * D:\csrs\frontend\node_modules\core-js\internals\array-slice-simple.js
WARN     Used by 5 module(s), i. e.
WARN     D:\csrs\frontend\node_modules\core-js\modules\es.string.split.js
WARN There are multiple modules with names that only differ in casing.
WARN This can lead to unexpected behavior when compiling on a filesystem with other case-semantic.
WARN Use equal casing. Compare these module identifiers:
WARN * D:\CSRS\frontend\node_modules\core-js\internals\array-slice.js
WARN     Used by 2 module(s), i. e.
WARN     D:\CSRS\frontend\node_modules\core-js\modules\es.symbol.js
WARN * D:\csrs\frontend\node_modules\core-js\internals\array-slice.js
WARN     Used by 5 module(s), i. e.
WARN     D:\csrs\frontend\node_modules\core-js\modules\es.array.slice.js
WARN There are multiple modules with names that only differ in casing.
WARN This can lead to unexpected behavior when compiling on a filesystem with other case-semantic.
WARN Use equal casing. Compare these module identifiers:
WARN * D:\CSRS\frontend\node_modules\core-js\internals\array-species-constructor.js
WARN     Used by 2 module(s), i. e.
WARN     D:\CSRS\frontend\node_modules\core-js\internals\array-species-create.js
WARN * D:\csrs\frontend\node_modules\core-js\internals\array-species-constructor.js
WARN     Used by 2 module(s), i. e.
WARN     D:\csrs\frontend\node_modules\core-js\internals\array-species-create.js
WARN There are multiple modules with names that only differ in casing.
WARN This can lead to unexpected behavior when compiling on a filesystem with other case-semantic.
WARN Use equal casing. Compare these module identifiers:
WARN * D:\CSRS\frontend\node_modules\core-js\internals\array-species-create.js
WARN     Used by 3 module(s), i. e.
WARN     D:\CSRS\frontend\node_modules\core-js\modules\es.array.concat.js
WARN * D:\csrs\frontend\node_modules\core-js\internals\array-species-create.js
WARN     Used by 4 module(s), i. e.
WARN     D:\csrs\frontend\node_modules\core-js\modules\es.array.concat.js
WARN There are multiple modules with names that only differ in casing.
WARN This can lead to unexpected behavior when compiling on a filesystem with other case-semantic.
WARN Use equal casing. Compare these module identifiers:
WARN * D:\CSRS\frontend\node_modules\core-js\internals\classof-raw.js
WARN     Used by 5 module(s), i. e.
WARN     D:\CSRS\frontend\node_modules\core-js\internals\is-array.js
WARN * D:\csrs\frontend\node_modules\core-js\internals\classof-raw.js
WARN     Used by 9 module(s), i. e.
WARN     D:\csrs\frontend\node_modules\core-js\internals\is-array.js
WARN There are multiple modules with names that only differ in casing.
WARN This can lead to unexpected behavior when compiling on a filesystem with other case-semantic.
WARN Use equal casing. Compare these module identifiers:
WARN * D:\CSRS\frontend\node_modules\core-js\internals\classof.js
WARN     Used by 4 module(s), i. e.
WARN     D:\CSRS\frontend\node_modules\core-js\internals\object-to-string.js
WARN * D:\csrs\frontend\node_modules\core-js\internals\classof.js
WARN     Used by 6 module(s), i. e.
WARN     D:\csrs\frontend\node_modules\core-js\internals\object-to-string.js
WARN There are multiple modules with names that only differ in casing.
WARN This can lead to unexpected behavior when compiling on a filesystem with other case-semantic.
WARN Use equal casing. Compare these module identifiers:
WARN * D:\CSRS\frontend\node_modules\core-js\internals\copy-constructor-properties.js
WARN     Used by 3 module(s), i. e.
WARN     D:\CSRS\frontend\node_modules\core-js\modules\es.symbol.description.js
WARN * D:\csrs\frontend\node_modules\core-js\internals\copy-constructor-properties.js
WARN     Used by 3 module(s), i. e.
WARN     D:\csrs\frontend\node_modules\core-js\modules\es.symbol.description.js
WARN There are multiple modules with names that only differ in casing.
WARN This can lead to unexpected behavior when compiling on a filesystem with other case-semantic.
WARN Use equal casing. Compare these module identifiers:
WARN * D:\CSRS\frontend\node_modules\core-js\internals\correct-prototype-getter.js
WARN     Used by 2 module(s), i. e.
WARN     D:\CSRS\frontend\node_modules\core-js\internals\object-get-prototype-of.js
WARN * D:\csrs\frontend\node_modules\core-js\internals\correct-prototype-getter.js
WARN     Used by 3 module(s), i. e.
WARN     D:\csrs\frontend\node_modules\core-js\modules\es.object.get-prototype-of.js
WARN There are multiple modules with names that only differ in casing.
WARN This can lead to unexpected behavior when compiling on a filesystem with other case-semantic.
WARN Use equal casing. Compare these module identifiers:
WARN * D:\CSRS\frontend\node_modules\core-js\internals\create-iterator-constructor.js
WARN     Used by 2 module(s), i. e.
WARN     D:\CSRS\frontend\node_modules\core-js\internals\define-iterator.js
WARN * D:\csrs\frontend\node_modules\core-js\internals\create-iterator-constructor.js
WARN     Used by 3 module(s), i. e.
WARN     D:\csrs\frontend\node_modules\core-js\internals\define-iterator.js
WARN There are multiple modules with names that only differ in casing.
WARN This can lead to unexpected behavior when compiling on a filesystem with other case-semantic.
WARN Use equal casing. Compare these module identifiers:
WARN * D:\CSRS\frontend\node_modules\core-js\internals\create-non-enumerable-property.js
WARN     Used by 6 module(s), i. e.
WARN     D:\CSRS\frontend\node_modules\core-js\modules\web.dom-collections.iterator.js
WARN * D:\csrs\frontend\node_modules\core-js\internals\create-non-enumerable-property.js
WARN     Used by 9 module(s), i. e.
WARN     D:\csrs\frontend\node_modules\core-js\modules\web.dom-collections.iterator.js
WARN There are multiple modules with names that only differ in casing.
WARN This can lead to unexpected behavior when compiling on a filesystem with other case-semantic.
WARN Use equal casing. Compare these module identifiers:
WARN * D:\CSRS\frontend\node_modules\core-js\internals\create-property-descriptor.js
WARN     Used by 6 module(s), i. e.
WARN     D:\CSRS\frontend\node_modules\core-js\internals\create-non-enumerable-property.js
WARN * D:\csrs\frontend\node_modules\core-js\internals\create-property-descriptor.js
WARN     Used by 7 module(s), i. e.
WARN     D:\csrs\frontend\node_modules\core-js\modules\es.symbol.js
WARN There are multiple modules with names that only differ in casing.
WARN This can lead to unexpected behavior when compiling on a filesystem with other case-semantic.
WARN Use equal casing. Compare these module identifiers:
WARN * D:\CSRS\frontend\node_modules\core-js\internals\create-property.js
WARN     Used by 3 module(s), i. e.
WARN     D:\CSRS\frontend\node_modules\core-js\modules\es.array.concat.js
WARN * D:\csrs\frontend\node_modules\core-js\internals\create-property.js
WARN     Used by 8 module(s), i. e.
WARN     D:\csrs\frontend\node_modules\core-js\modules\es.array.slice.js
WARN There are multiple modules with names that only differ in casing.
WARN This can lead to unexpected behavior when compiling on a filesystem with other case-semantic.
WARN Use equal casing. Compare these module identifiers:
WARN * D:\CSRS\frontend\node_modules\core-js\internals\define-iterator.js
WARN     Used by 2 module(s), i. e.
WARN     D:\CSRS\frontend\node_modules\core-js\modules\es.array.iterator.js
WARN * D:\csrs\frontend\node_modules\core-js\internals\define-iterator.js
WARN     Used by 4 module(s), i. e.
WARN     D:\csrs\frontend\node_modules\core-js\modules\es.string.iterator.js
WARN There are multiple modules with names that only differ in casing.
WARN This can lead to unexpected behavior when compiling on a filesystem with other case-semantic.
WARN Use equal casing. Compare these module identifiers:
WARN * D:\CSRS\frontend\node_modules\core-js\internals\define-well-known-symbol.js
WARN     Used by 22 module(s), i. e.
WARN     D:\CSRS\frontend\node_modules\core-js\modules\esnext.symbol.async-dispose.js
WARN * D:\csrs\frontend\node_modules\core-js\internals\define-well-known-symbol.js
WARN     Used by 3 module(s), i. e.
WARN     D:\csrs\frontend\node_modules\core-js\modules\es.symbol.js
WARN There are multiple modules with names that only differ in casing.
WARN This can lead to unexpected behavior when compiling on a filesystem with other case-semantic.
WARN Use equal casing. Compare these module identifiers:
WARN * D:\CSRS\frontend\node_modules\core-js\internals\descriptors.js
WARN     Used by 11 module(s), i. e.
WARN     D:\CSRS\frontend\node_modules\core-js\internals\object-define-property.js
WARN * D:\csrs\frontend\node_modules\core-js\internals\descriptors.js
WARN     Used by 21 module(s), i. e.
WARN     D:\csrs\frontend\node_modules\core-js\modules\es.function.name.js
WARN There are multiple modules with names that only differ in casing.
WARN This can lead to unexpected behavior when compiling on a filesystem with other case-semantic.
WARN Use equal casing. Compare these module identifiers:
WARN * D:\CSRS\frontend\node_modules\core-js\internals\document-create-element.js
WARN     Used by 4 module(s), i. e.
WARN     D:\CSRS\frontend\node_modules\core-js\internals\ie8-dom-define.js
WARN * D:\csrs\frontend\node_modules\core-js\internals\document-create-element.js
WARN     Used by 5 module(s), i. e.
WARN     D:\csrs\frontend\node_modules\core-js\internals\task.js
WARN There are multiple modules with names that only differ in casing.
WARN This can lead to unexpected behavior when compiling on a filesystem with other case-semantic.
WARN Use equal casing. Compare these module identifiers:
WARN * D:\CSRS\frontend\node_modules\core-js\internals\dom-iterables.js
WARN     Used by 2 module(s), i. e.
WARN     D:\CSRS\frontend\node_modules\core-js\modules\web.dom-collections.iterator.js
WARN * D:\csrs\frontend\node_modules\core-js\internals\dom-iterables.js
WARN     Used by 3 module(s), i. e.
WARN     D:\csrs\frontend\node_modules\core-js\modules\web.dom-collections.iterator.js
WARN There are multiple modules with names that only differ in casing.
WARN This can lead to unexpected behavior when compiling on a filesystem with other case-semantic.
WARN Use equal casing. Compare these module identifiers:
WARN * D:\CSRS\frontend\node_modules\core-js\internals\dom-token-list-prototype.js
WARN     Used by 2 module(s), i. e.
WARN     D:\CSRS\frontend\node_modules\core-js\modules\web.dom-collections.iterator.js
WARN * D:\csrs\frontend\node_modules\core-js\internals\dom-token-list-prototype.js
WARN     Used by 3 module(s), i. e.
WARN     D:\csrs\frontend\node_modules\core-js\modules\web.dom-collections.iterator.js
WARN There are multiple modules with names that only differ in casing.
WARN This can lead to unexpected behavior when compiling on a filesystem with other case-semantic.
WARN Use equal casing. Compare these module identifiers:
WARN * D:\CSRS\frontend\node_modules\core-js\internals\engine-user-agent.js
WARN     Used by 2 module(s), i. e.
WARN     D:\CSRS\frontend\node_modules\core-js\internals\engine-v8-version.js
WARN * D:\csrs\frontend\node_modules\core-js\internals\engine-user-agent.js
WARN     Used by 5 module(s), i. e.
WARN     D:\csrs\frontend\node_modules\core-js\internals\engine-v8-version.js
WARN There are multiple modules with names that only differ in casing.
WARN This can lead to unexpected behavior when compiling on a filesystem with other case-semantic.
WARN Use equal casing. Compare these module identifiers:
WARN * D:\CSRS\frontend\node_modules\core-js\internals\engine-v8-version.js
WARN     Used by 4 module(s), i. e.
WARN     D:\CSRS\frontend\node_modules\core-js\internals\native-symbol.js
WARN * D:\csrs\frontend\node_modules\core-js\internals\engine-v8-version.js
WARN     Used by 5 module(s), i. e.
WARN     D:\csrs\frontend\node_modules\core-js\modules\es.promise.js
WARN There are multiple modules with names that only differ in casing.
WARN This can lead to unexpected behavior when compiling on a filesystem with other case-semantic.
WARN Use equal casing. Compare these module identifiers:
WARN * D:\CSRS\frontend\node_modules\core-js\internals\enum-bug-keys.js
WARN     Used by 4 module(s), i. e.
WARN     D:\CSRS\frontend\node_modules\core-js\internals\object-create.js
WARN * D:\csrs\frontend\node_modules\core-js\internals\enum-bug-keys.js
WARN     Used by 4 module(s), i. e.
WARN     D:\csrs\frontend\node_modules\core-js\internals\object-create.js
WARN There are multiple modules with names that only differ in casing.
WARN This can lead to unexpected behavior when compiling on a filesystem with other case-semantic.
WARN Use equal casing. Compare these module identifiers:
WARN * D:\CSRS\frontend\node_modules\core-js\internals\export.js
WARN     Used by 6 module(s), i. e.
WARN     D:\CSRS\frontend\node_modules\core-js\modules\es.array.concat.js
WARN * D:\csrs\frontend\node_modules\core-js\internals\export.js
WARN     Used by 43 module(s), i. e.
WARN     D:\csrs\frontend\node_modules\core-js\modules\es.array.slice.js
WARN There are multiple modules with names that only differ in casing.
WARN This can lead to unexpected behavior when compiling on a filesystem with other case-semantic.
WARN Use equal casing. Compare these module identifiers:
WARN * D:\CSRS\frontend\node_modules\core-js\internals\fails.js
WARN     Used by 13 module(s), i. e.
WARN     D:\CSRS\frontend\node_modules\core-js\internals\ie8-dom-define.js
WARN * D:\csrs\frontend\node_modules\core-js\internals\fails.js
WARN     Used by 39 module(s), i. e.
WARN     D:\csrs\frontend\node_modules\core-js\modules\es.object.freeze.js
WARN There are multiple modules with names that only differ in casing.
WARN This can lead to unexpected behavior when compiling on a filesystem with other case-semantic.
WARN Use equal casing. Compare these module identifiers:
WARN * D:\CSRS\frontend\node_modules\core-js\internals\function-apply.js
WARN     Used by 2 module(s), i. e.
WARN     D:\CSRS\frontend\node_modules\core-js\modules\es.symbol.js
WARN * D:\csrs\frontend\node_modules\core-js\internals\function-apply.js
WARN     Used by 6 module(s), i. e.
WARN     D:\csrs\frontend\node_modules\core-js\modules\es.symbol.js
WARN There are multiple modules with names that only differ in casing.
WARN This can lead to unexpected behavior when compiling on a filesystem with other case-semantic.
WARN Use equal casing. Compare these module identifiers:
WARN * D:\CSRS\frontend\node_modules\core-js\internals\function-bind-context.js
WARN     Used by 2 module(s), i. e.
WARN     D:\CSRS\frontend\node_modules\core-js\internals\array-iteration.js
WARN * D:\csrs\frontend\node_modules\core-js\internals\function-bind-context.js
WARN     Used by 9 module(s), i. e.
WARN     D:\csrs\frontend\node_modules\core-js\internals\iterate.js
WARN There are multiple modules with names that only differ in casing.
WARN This can lead to unexpected behavior when compiling on a filesystem with other case-semantic.
WARN Use equal casing. Compare these module identifiers:
WARN * D:\CSRS\frontend\node_modules\core-js\internals\function-call.js
WARN     Used by 6 module(s), i. e.
WARN     D:\CSRS\frontend\node_modules\core-js\internals\to-primitive.js
WARN * D:\csrs\frontend\node_modules\core-js\internals\function-call.js
WARN     Used by 19 module(s), i. e.
WARN     D:\csrs\frontend\node_modules\core-js\modules\es.promise.js
WARN There are multiple modules with names that only differ in casing.
WARN This can lead to unexpected behavior when compiling on a filesystem with other case-semantic.
WARN Use equal casing. Compare these module identifiers:
WARN * D:\CSRS\frontend\node_modules\core-js\internals\function-name.js
WARN     Used by 3 module(s), i. e.
WARN     D:\CSRS\frontend\node_modules\core-js\internals\define-iterator.js
WARN * D:\csrs\frontend\node_modules\core-js\internals\function-name.js
WARN     Used by 6 module(s), i. e.
WARN     D:\csrs\frontend\node_modules\core-js\modules\es.function.name.js
WARN There are multiple modules with names that only differ in casing.
WARN This can lead to unexpected behavior when compiling on a filesystem with other case-semantic.
WARN Use equal casing. Compare these module identifiers:
WARN * D:\CSRS\frontend\node_modules\core-js\internals\function-uncurry-this.js
WARN     Used by 17 module(s), i. e.
WARN     D:\CSRS\frontend\node_modules\core-js\internals\has-own-property.js
WARN * D:\csrs\frontend\node_modules\core-js\internals\function-uncurry-this.js
WARN     Used by 45 module(s), i. e.
WARN     D:\csrs\frontend\node_modules\core-js\modules\es.function.name.js
WARN There are multiple modules with names that only differ in casing.
WARN This can lead to unexpected behavior when compiling on a filesystem with other case-semantic.
WARN Use equal casing. Compare these module identifiers:
WARN * D:\CSRS\frontend\node_modules\core-js\internals\get-built-in.js
WARN     Used by 7 module(s), i. e.
WARN     D:\CSRS\frontend\node_modules\core-js\internals\is-symbol.js
WARN * D:\csrs\frontend\node_modules\core-js\internals\get-built-in.js
WARN     Used by 11 module(s), i. e.
WARN     D:\csrs\frontend\node_modules\core-js\modules\es.promise.js
WARN There are multiple modules with names that only differ in casing.
WARN This can lead to unexpected behavior when compiling on a filesystem with other case-semantic.
WARN Use equal casing. Compare these module identifiers:
WARN * D:\CSRS\frontend\node_modules\core-js\internals\get-method.js
WARN     Used by 2 module(s), i. e.
WARN     D:\CSRS\frontend\node_modules\core-js\internals\to-primitive.js
WARN * D:\csrs\frontend\node_modules\core-js\internals\get-method.js
WARN     Used by 8 module(s), i. e.
WARN     D:\csrs\frontend\node_modules\core-js\modules\es.string.match.js
WARN There are multiple modules with names that only differ in casing.
WARN This can lead to unexpected behavior when compiling on a filesystem with other case-semantic.
WARN Use equal casing. Compare these module identifiers:
WARN * D:\CSRS\frontend\node_modules\core-js\internals\global.js
WARN     Used by 34 module(s), i. e.
WARN     D:\CSRS\frontend\node_modules\core-js\internals\path.js
WARN * D:\csrs\frontend\node_modules\core-js\internals\global.js
WARN     Used by 63 module(s), i. e.
WARN     D:\csrs\frontend\node_modules\core-js\modules\es.array.slice.js
WARN There are multiple modules with names that only differ in casing.
WARN This can lead to unexpected behavior when compiling on a filesystem with other case-semantic.
WARN Use equal casing. Compare these module identifiers:
WARN * D:\CSRS\frontend\node_modules\core-js\internals\has-own-property.js
WARN     Used by 13 module(s), i. e.
WARN     D:\CSRS\frontend\node_modules\core-js\internals\define-well-known-symbol.js
WARN * D:\csrs\frontend\node_modules\core-js\internals\has-own-property.js
WARN     Used by 21 module(s), i. e.
WARN     D:\csrs\frontend\node_modules\core-js\modules\es.symbol.description.js
WARN There are multiple modules with names that only differ in casing.
WARN This can lead to unexpected behavior when compiling on a filesystem with other case-semantic.
WARN Use equal casing. Compare these module identifiers:
WARN * D:\CSRS\frontend\node_modules\core-js\internals\hidden-keys.js
WARN     Used by 5 module(s), i. e.
WARN     D:\CSRS\frontend\node_modules\core-js\modules\es.symbol.js
WARN * D:\csrs\frontend\node_modules\core-js\internals\hidden-keys.js
WARN     Used by 6 module(s), i. e.
WARN     D:\csrs\frontend\node_modules\core-js\modules\es.symbol.js
WARN There are multiple modules with names that only differ in casing.
WARN This can lead to unexpected behavior when compiling on a filesystem with other case-semantic.
WARN Use equal casing. Compare these module identifiers:
WARN * D:\CSRS\frontend\node_modules\core-js\internals\html.js
WARN     Used by 2 module(s), i. e.
WARN     D:\CSRS\frontend\node_modules\core-js\internals\object-create.js
WARN * D:\csrs\frontend\node_modules\core-js\internals\html.js
WARN     Used by 3 module(s), i. e.
WARN     D:\csrs\frontend\node_modules\core-js\internals\task.js
WARN There are multiple modules with names that only differ in casing.
WARN This can lead to unexpected behavior when compiling on a filesystem with other case-semantic.
WARN Use equal casing. Compare these module identifiers:
WARN * D:\CSRS\frontend\node_modules\core-js\internals\ie8-dom-define.js
WARN     Used by 3 module(s), i. e.
WARN     D:\CSRS\frontend\node_modules\core-js\internals\object-define-property.js
WARN * D:\csrs\frontend\node_modules\core-js\internals\ie8-dom-define.js
WARN     Used by 3 module(s), i. e.
WARN     D:\csrs\frontend\node_modules\core-js\internals\object-define-property.js
WARN There are multiple modules with names that only differ in casing.
WARN This can lead to unexpected behavior when compiling on a filesystem with other case-semantic.
WARN Use equal casing. Compare these module identifiers:
WARN * D:\CSRS\frontend\node_modules\core-js\internals\indexed-object.js
WARN     Used by 3 module(s), i. e.
WARN     D:\CSRS\frontend\node_modules\core-js\internals\to-indexed-object.js
WARN * D:\csrs\frontend\node_modules\core-js\internals\indexed-object.js
WARN     Used by 5 module(s), i. e.
WARN     D:\csrs\frontend\node_modules\core-js\modules\es.array.join.js
WARN There are multiple modules with names that only differ in casing.
WARN This can lead to unexpected behavior when compiling on a filesystem with other case-semantic.
WARN Use equal casing. Compare these module identifiers:
WARN * D:\CSRS\frontend\node_modules\core-js\internals\inspect-source.js
WARN     Used by 4 module(s), i. e.
WARN     D:\CSRS\frontend\node_modules\core-js\internals\redefine.js
WARN * D:\csrs\frontend\node_modules\core-js\internals\inspect-source.js
WARN     Used by 5 module(s), i. e.
WARN     D:\csrs\frontend\node_modules\core-js\modules\es.promise.js
WARN There are multiple modules with names that only differ in casing.
WARN This can lead to unexpected behavior when compiling on a filesystem with other case-semantic.
WARN Use equal casing. Compare these module identifiers:
WARN * D:\CSRS\frontend\node_modules\core-js\internals\internal-state.js
WARN     Used by 4 module(s), i. e.
WARN     D:\CSRS\frontend\node_modules\core-js\modules\es.array.iterator.js
WARN * D:\csrs\frontend\node_modules\core-js\internals\internal-state.js
WARN     Used by 13 module(s), i. e.
WARN     D:\csrs\frontend\node_modules\core-js\modules\es.promise.js
WARN There are multiple modules with names that only differ in casing.
WARN This can lead to unexpected behavior when compiling on a filesystem with other case-semantic.
WARN Use equal casing. Compare these module identifiers:
WARN * D:\CSRS\frontend\node_modules\core-js\internals\is-array.js
WARN     Used by 4 module(s), i. e.
WARN     D:\CSRS\frontend\node_modules\core-js\modules\es.array.concat.js
WARN * D:\csrs\frontend\node_modules\core-js\internals\is-array.js
WARN     Used by 5 module(s), i. e.
WARN     D:\csrs\frontend\node_modules\core-js\modules\es.array.slice.js
WARN There are multiple modules with names that only differ in casing.
WARN This can lead to unexpected behavior when compiling on a filesystem with other case-semantic.
WARN Use equal casing. Compare these module identifiers:
WARN * D:\CSRS\frontend\node_modules\core-js\internals\is-callable.js
WARN     Used by 18 module(s), i. e.
WARN     D:\CSRS\frontend\node_modules\core-js\internals\is-object.js
WARN * D:\csrs\frontend\node_modules\core-js\internals\is-callable.js
WARN     Used by 25 module(s), i. e.
WARN     D:\csrs\frontend\node_modules\core-js\modules\es.promise.js
WARN There are multiple modules with names that only differ in casing.
WARN This can lead to unexpected behavior when compiling on a filesystem with other case-semantic.
WARN Use equal casing. Compare these module identifiers:
WARN * D:\CSRS\frontend\node_modules\core-js\internals\is-constructor.js
WARN     Used by 2 module(s), i. e.
WARN     D:\CSRS\frontend\node_modules\core-js\internals\array-species-constructor.js
WARN * D:\csrs\frontend\node_modules\core-js\internals\is-constructor.js
WARN     Used by 5 module(s), i. e.
WARN     D:\csrs\frontend\node_modules\core-js\modules\es.array.slice.js
WARN There are multiple modules with names that only differ in casing.
WARN This can lead to unexpected behavior when compiling on a filesystem with other case-semantic.
WARN Use equal casing. Compare these module identifiers:
WARN * D:\CSRS\frontend\node_modules\core-js\internals\is-forced.js
WARN     Used by 2 module(s), i. e.
WARN     D:\CSRS\frontend\node_modules\core-js\internals\export.js
WARN * D:\csrs\frontend\node_modules\core-js\internals\is-forced.js
WARN     Used by 6 module(s), i. e.
WARN     D:\csrs\frontend\node_modules\core-js\modules\es.promise.js
WARN There are multiple modules with names that only differ in casing.
WARN This can lead to unexpected behavior when compiling on a filesystem with other case-semantic.
WARN Use equal casing. Compare these module identifiers:
WARN * D:\CSRS\frontend\node_modules\core-js\internals\is-object.js
WARN     Used by 9 module(s), i. e.
WARN     D:\CSRS\frontend\node_modules\core-js\internals\an-object.js
WARN * D:\csrs\frontend\node_modules\core-js\internals\is-object.js
WARN     Used by 24 module(s), i. e.
WARN     D:\csrs\frontend\node_modules\core-js\modules\es.array.slice.js
WARN There are multiple modules with names that only differ in casing.
WARN This can lead to unexpected behavior when compiling on a filesystem with other case-semantic.
WARN Use equal casing. Compare these module identifiers:
WARN * D:\CSRS\frontend\node_modules\core-js\internals\is-pure.js
WARN     Used by 6 module(s), i. e.
WARN     D:\CSRS\frontend\node_modules\core-js\internals\shared.js
WARN * D:\csrs\frontend\node_modules\core-js\internals\is-pure.js
WARN     Used by 10 module(s), i. e.
WARN     D:\csrs\frontend\node_modules\core-js\modules\es.promise.js
WARN There are multiple modules with names that only differ in casing.
WARN This can lead to unexpected behavior when compiling on a filesystem with other case-semantic.
WARN Use equal casing. Compare these module identifiers:
WARN * D:\CSRS\frontend\node_modules\core-js\internals\is-symbol.js
WARN     Used by 4 module(s), i. e.
WARN     D:\CSRS\frontend\node_modules\core-js\internals\to-property-key.js
WARN * D:\csrs\frontend\node_modules\core-js\internals\is-symbol.js
WARN     Used by 5 module(s), i. e.
WARN     D:\csrs\frontend\node_modules\core-js\modules\es.symbol.js
WARN There are multiple modules with names that only differ in casing.
WARN This can lead to unexpected behavior when compiling on a filesystem with other case-semantic.
WARN Use equal casing. Compare these module identifiers:
WARN * D:\CSRS\frontend\node_modules\core-js\internals\iterators-core.js
WARN     Used by 3 module(s), i. e.
WARN     D:\CSRS\frontend\node_modules\core-js\internals\define-iterator.js
WARN * D:\csrs\frontend\node_modules\core-js\internals\iterators-core.js
WARN     Used by 3 module(s), i. e.
WARN     D:\csrs\frontend\node_modules\core-js\internals\define-iterator.js
WARN There are multiple modules with names that only differ in casing.
WARN This can lead to unexpected behavior when compiling on a filesystem with other case-semantic.
WARN Use equal casing. Compare these module identifiers:
WARN * D:\CSRS\frontend\node_modules\core-js\internals\iterators.js
WARN     Used by 4 module(s), i. e.
WARN     D:\CSRS\frontend\node_modules\core-js\modules\es.array.iterator.js
WARN * D:\csrs\frontend\node_modules\core-js\internals\iterators.js
WARN     Used by 6 module(s), i. e.
WARN     D:\csrs\frontend\node_modules\core-js\modules\es.array.iterator.js
WARN There are multiple modules with names that only differ in casing.
WARN This can lead to unexpected behavior when compiling on a filesystem with other case-semantic.
WARN Use equal casing. Compare these module identifiers:
WARN * D:\CSRS\frontend\node_modules\core-js\internals\length-of-array-like.js
WARN     Used by 5 module(s), i. e.
WARN     D:\CSRS\frontend\node_modules\core-js\modules\es.array.concat.js
WARN * D:\csrs\frontend\node_modules\core-js\internals\length-of-array-like.js
WARN     Used by 10 module(s), i. e.
WARN     D:\csrs\frontend\node_modules\core-js\modules\es.array.slice.js
WARN There are multiple modules with names that only differ in casing.
WARN This can lead to unexpected behavior when compiling on a filesystem with other case-semantic.
WARN Use equal casing. Compare these module identifiers:
WARN * D:\CSRS\frontend\node_modules\core-js\internals\native-symbol.js
WARN     Used by 4 module(s), i. e.
WARN     D:\CSRS\frontend\node_modules\core-js\internals\well-known-symbol.js
WARN * D:\csrs\frontend\node_modules\core-js\internals\native-symbol.js
WARN     Used by 4 module(s), i. e.
WARN     D:\csrs\frontend\node_modules\core-js\modules\es.symbol.js
WARN There are multiple modules with names that only differ in casing.
WARN This can lead to unexpected behavior when compiling on a filesystem with other case-semantic.
WARN Use equal casing. Compare these module identifiers:
WARN * D:\CSRS\frontend\node_modules\core-js\internals\native-weak-map.js
WARN     Used by 2 module(s), i. e.
WARN     D:\CSRS\frontend\node_modules\core-js\internals\internal-state.js
WARN * D:\csrs\frontend\node_modules\core-js\internals\native-weak-map.js
WARN     Used by 3 module(s), i. e.
WARN     D:\csrs\frontend\node_modules\core-js\internals\internal-state.js
WARN There are multiple modules with names that only differ in casing.
WARN This can lead to unexpected behavior when compiling on a filesystem with other case-semantic.
WARN Use equal casing. Compare these module identifiers:
WARN * D:\CSRS\frontend\node_modules\core-js\internals\object-create.js
WARN     Used by 5 module(s), i. e.
WARN     D:\CSRS\frontend\node_modules\core-js\modules\es.symbol.js
WARN * D:\csrs\frontend\node_modules\core-js\internals\object-create.js
WARN     Used by 9 module(s), i. e.
WARN     D:\csrs\frontend\node_modules\core-js\modules\es.symbol.js
WARN There are multiple modules with names that only differ in casing.
WARN This can lead to unexpected behavior when compiling on a filesystem with other case-semantic.
WARN Use equal casing. Compare these module identifiers:
WARN * D:\CSRS\frontend\node_modules\core-js\internals\object-define-properties.js
WARN     Used by 2 module(s), i. e.
WARN     D:\CSRS\frontend\node_modules\core-js\modules\es.symbol.js
WARN * D:\csrs\frontend\node_modules\core-js\internals\object-define-properties.js
WARN     Used by 3 module(s), i. e.
WARN     D:\csrs\frontend\node_modules\core-js\modules\es.symbol.js
WARN There are multiple modules with names that only differ in casing.
WARN This can lead to unexpected behavior when compiling on a filesystem with other case-semantic.
WARN Use equal casing. Compare these module identifiers:
WARN * D:\CSRS\frontend\node_modules\core-js\internals\object-define-property.js
WARN     Used by 10 module(s), i. e.
WARN     D:\CSRS\frontend\node_modules\core-js\internals\define-well-known-symbol.js
WARN * D:\csrs\frontend\node_modules\core-js\internals\object-define-property.js
WARN     Used by 16 module(s), i. e.
WARN     D:\csrs\frontend\node_modules\core-js\modules\es.function.name.js
WARN There are multiple modules with names that only differ in casing.
WARN This can lead to unexpected behavior when compiling on a filesystem with other case-semantic.
WARN Use equal casing. Compare these module identifiers:
WARN * D:\CSRS\frontend\node_modules\core-js\internals\object-get-own-property-descriptor.js
WARN     Used by 3 module(s), i. e.
WARN     D:\CSRS\frontend\node_modules\core-js\modules\es.symbol.js
WARN * D:\csrs\frontend\node_modules\core-js\internals\object-get-own-property-descriptor.js
WARN     Used by 9 module(s), i. e.
WARN     D:\csrs\frontend\node_modules\core-js\modules\es.symbol.js
WARN There are multiple modules with names that only differ in casing.
WARN This can lead to unexpected behavior when compiling on a filesystem with other case-semantic.
WARN Use equal casing. Compare these module identifiers:
WARN * D:\CSRS\frontend\node_modules\core-js\internals\object-get-own-property-names-external.js
WARN     Used by 1 module(s), i. e.
WARN     D:\CSRS\frontend\node_modules\core-js\modules\es.symbol.js
WARN * D:\csrs\frontend\node_modules\core-js\internals\object-get-own-property-names-external.js
WARN     Used by 3 module(s), i. e.
WARN     D:\csrs\frontend\node_modules\core-js\modules\es.symbol.js
WARN There are multiple modules with names that only differ in casing.
WARN This can lead to unexpected behavior when compiling on a filesystem with other case-semantic.
WARN Use equal casing. Compare these module identifiers:
WARN * D:\CSRS\frontend\node_modules\core-js\internals\object-get-own-property-names.js
WARN     Used by 3 module(s), i. e.
WARN     D:\CSRS\frontend\node_modules\core-js\modules\es.symbol.js
WARN * D:\csrs\frontend\node_modules\core-js\internals\object-get-own-property-names.js
WARN     Used by 6 module(s), i. e.
WARN     D:\csrs\frontend\node_modules\core-js\modules\es.symbol.js
WARN There are multiple modules with names that only differ in casing.
WARN This can lead to unexpected behavior when compiling on a filesystem with other case-semantic.
WARN Use equal casing. Compare these module identifiers:
WARN * D:\CSRS\frontend\node_modules\core-js\internals\object-get-own-property-symbols.js
WARN     Used by 2 module(s), i. e.
WARN     D:\CSRS\frontend\node_modules\core-js\modules\es.symbol.js
WARN * D:\csrs\frontend\node_modules\core-js\internals\object-get-own-property-symbols.js
WARN     Used by 3 module(s), i. e.
WARN     D:\csrs\frontend\node_modules\core-js\modules\es.symbol.js
WARN There are multiple modules with names that only differ in casing.
WARN This can lead to unexpected behavior when compiling on a filesystem with other case-semantic.
WARN Use equal casing. Compare these module identifiers:
WARN * D:\CSRS\frontend\node_modules\core-js\internals\object-get-prototype-of.js
WARN     Used by 3 module(s), i. e.
WARN     D:\CSRS\frontend\node_modules\core-js\internals\define-iterator.js
WARN * D:\csrs\frontend\node_modules\core-js\internals\object-get-prototype-of.js
WARN     Used by 4 module(s), i. e.
WARN     D:\csrs\frontend\node_modules\core-js\modules\es.object.get-prototype-of.js
WARN There are multiple modules with names that only differ in casing.
WARN This can lead to unexpected behavior when compiling on a filesystem with other case-semantic.
WARN Use equal casing. Compare these module identifiers:
WARN * D:\CSRS\frontend\node_modules\core-js\internals\object-is-prototype-of.js
WARN     Used by 4 module(s), i. e.
WARN     D:\CSRS\frontend\node_modules\core-js\internals\is-symbol.js
WARN * D:\csrs\frontend\node_modules\core-js\internals\object-is-prototype-of.js
WARN     Used by 9 module(s), i. e.
WARN     D:\csrs\frontend\node_modules\core-js\modules\es.symbol.description.js
WARN There are multiple modules with names that only differ in casing.
WARN This can lead to unexpected behavior when compiling on a filesystem with other case-semantic.
WARN Use equal casing. Compare these module identifiers:
WARN * D:\CSRS\frontend\node_modules\core-js\internals\object-keys-internal.js
WARN     Used by 3 module(s), i. e.
WARN     D:\CSRS\frontend\node_modules\core-js\internals\object-keys.js
WARN * D:\csrs\frontend\node_modules\core-js\internals\object-keys-internal.js
WARN     Used by 3 module(s), i. e.
WARN     D:\csrs\frontend\node_modules\core-js\internals\object-keys.js
WARN There are multiple modules with names that only differ in casing.
WARN This can lead to unexpected behavior when compiling on a filesystem with other case-semantic.
WARN Use equal casing. Compare these module identifiers:
WARN * D:\CSRS\frontend\node_modules\core-js\internals\object-keys.js
WARN     Used by 3 module(s), i. e.
WARN     D:\CSRS\frontend\node_modules\core-js\modules\es.symbol.js
WARN * D:\csrs\frontend\node_modules\core-js\internals\object-keys.js
WARN     Used by 6 module(s), i. e.
WARN     D:\csrs\frontend\node_modules\core-js\modules\es.symbol.js
WARN There are multiple modules with names that only differ in casing.
WARN This can lead to unexpected behavior when compiling on a filesystem with other case-semantic.
WARN Use equal casing. Compare these module identifiers:
WARN * D:\CSRS\frontend\node_modules\core-js\internals\object-property-is-enumerable.js
WARN     Used by 2 module(s), i. e.
WARN     D:\CSRS\frontend\node_modules\core-js\modules\es.symbol.js
WARN * D:\csrs\frontend\node_modules\core-js\internals\object-property-is-enumerable.js
WARN     Used by 4 module(s), i. e.
WARN     D:\csrs\frontend\node_modules\core-js\modules\es.symbol.js
WARN There are multiple modules with names that only differ in casing.
WARN This can lead to unexpected behavior when compiling on a filesystem with other case-semantic.
WARN Use equal casing. Compare these module identifiers:
WARN * D:\CSRS\frontend\node_modules\core-js\internals\object-set-prototype-of.js
WARN     Used by 2 module(s), i. e.
WARN     D:\CSRS\frontend\node_modules\core-js\internals\define-iterator.js
WARN * D:\csrs\frontend\node_modules\core-js\internals\object-set-prototype-of.js
WARN     Used by 4 module(s), i. e.
WARN     D:\csrs\frontend\node_modules\core-js\modules\es.promise.js
WARN There are multiple modules with names that only differ in casing.
WARN This can lead to unexpected behavior when compiling on a filesystem with other case-semantic.
WARN Use equal casing. Compare these module identifiers:
WARN * D:\CSRS\frontend\node_modules\core-js\internals\object-to-string.js
WARN     Used by 2 module(s), i. e.
WARN     D:\CSRS\frontend\node_modules\core-js\modules\es.object.to-string.js
WARN * D:\csrs\frontend\node_modules\core-js\internals\object-to-string.js
WARN     Used by 2 module(s), i. e.
WARN     D:\csrs\frontend\node_modules\core-js\modules\es.object.to-string.js
WARN There are multiple modules with names that only differ in casing.
WARN This can lead to unexpected behavior when compiling on a filesystem with other case-semantic.
WARN Use equal casing. Compare these module identifiers:
WARN * D:\CSRS\frontend\node_modules\core-js\internals\ordinary-to-primitive.js
WARN     Used by 2 module(s), i. e.
WARN     D:\CSRS\frontend\node_modules\core-js\internals\to-primitive.js
WARN * D:\csrs\frontend\node_modules\core-js\internals\ordinary-to-primitive.js
WARN     Used by 2 module(s), i. e.
WARN     D:\csrs\frontend\node_modules\core-js\internals\to-primitive.js
WARN There are multiple modules with names that only differ in casing.
WARN This can lead to unexpected behavior when compiling on a filesystem with other case-semantic.
WARN Use equal casing. Compare these module identifiers:
WARN * D:\CSRS\frontend\node_modules\core-js\internals\own-keys.js
WARN     Used by 2 module(s), i. e.
WARN     D:\CSRS\frontend\node_modules\core-js\internals\copy-constructor-properties.js
WARN * D:\csrs\frontend\node_modules\core-js\internals\own-keys.js
WARN     Used by 3 module(s), i. e.
WARN     D:\csrs\frontend\node_modules\core-js\internals\copy-constructor-properties.js
WARN There are multiple modules with names that only differ in casing.
WARN This can lead to unexpected behavior when compiling on a filesystem with other case-semantic.
WARN Use equal casing. Compare these module identifiers:
WARN * D:\CSRS\frontend\node_modules\core-js\internals\path.js
WARN     Used by 3 module(s), i. e.
WARN     D:\CSRS\frontend\node_modules\core-js\internals\define-well-known-symbol.js
WARN * D:\csrs\frontend\node_modules\core-js\internals\path.js
WARN     Used by 2 module(s), i. e.
WARN     D:\csrs\frontend\node_modules\core-js\internals\define-well-known-symbol.js
WARN There are multiple modules with names that only differ in casing.
WARN This can lead to unexpected behavior when compiling on a filesystem with other case-semantic.
WARN Use equal casing. Compare these module identifiers:
WARN * D:\CSRS\frontend\node_modules\core-js\internals\redefine.js
WARN     Used by 6 module(s), i. e.
WARN     D:\CSRS\frontend\node_modules\core-js\modules\es.object.to-string.js
WARN * D:\csrs\frontend\node_modules\core-js\internals\redefine.js
WARN     Used by 15 module(s), i. e.
WARN     D:\csrs\frontend\node_modules\core-js\modules\es.object.to-string.js
WARN There are multiple modules with names that only differ in casing.
WARN This can lead to unexpected behavior when compiling on a filesystem with other case-semantic.
WARN Use equal casing. Compare these module identifiers:
WARN * D:\CSRS\frontend\node_modules\core-js\internals\require-object-coercible.js
WARN     Used by 3 module(s), i. e.
WARN     D:\CSRS\frontend\node_modules\core-js\internals\to-object.js
WARN * D:\csrs\frontend\node_modules\core-js\internals\require-object-coercible.js
WARN     Used by 14 module(s), i. e.
WARN     D:\csrs\frontend\node_modules\core-js\modules\es.string.match.js
WARN There are multiple modules with names that only differ in casing.
WARN This can lead to unexpected behavior when compiling on a filesystem with other case-semantic.
WARN Use equal casing. Compare these module identifiers:
WARN * D:\CSRS\frontend\node_modules\core-js\internals\set-global.js
WARN     Used by 4 module(s), i. e.
WARN     D:\CSRS\frontend\node_modules\core-js\internals\shared-store.js
WARN * D:\csrs\frontend\node_modules\core-js\internals\set-global.js
WARN     Used by 4 module(s), i. e.
WARN     D:\csrs\frontend\node_modules\core-js\internals\redefine.js
WARN There are multiple modules with names that only differ in casing.
WARN This can lead to unexpected behavior when compiling on a filesystem with other case-semantic.
WARN Use equal casing. Compare these module identifiers:
WARN * D:\CSRS\frontend\node_modules\core-js\internals\set-to-string-tag.js
WARN     Used by 7 module(s), i. e.
WARN     D:\CSRS\frontend\node_modules\core-js\modules\es.symbol.js
WARN * D:\csrs\frontend\node_modules\core-js\internals\set-to-string-tag.js
WARN     Used by 8 module(s), i. e.
WARN     D:\csrs\frontend\node_modules\core-js\modules\es.promise.js
WARN There are multiple modules with names that only differ in casing.
WARN This can lead to unexpected behavior when compiling on a filesystem with other case-semantic.
WARN Use equal casing. Compare these module identifiers:
WARN * D:\CSRS\frontend\node_modules\core-js\internals\shared-key.js
WARN     Used by 5 module(s), i. e.
WARN     D:\CSRS\frontend\node_modules\core-js\modules\es.symbol.js
WARN * D:\csrs\frontend\node_modules\core-js\internals\shared-key.js
WARN     Used by 5 module(s), i. e.
WARN     D:\csrs\frontend\node_modules\core-js\modules\es.symbol.js
WARN There are multiple modules with names that only differ in casing.
WARN This can lead to unexpected behavior when compiling on a filesystem with other case-semantic.
WARN Use equal casing. Compare these module identifiers:
WARN * D:\CSRS\frontend\node_modules\core-js\internals\shared-store.js
WARN     Used by 4 module(s), i. e.
WARN     D:\CSRS\frontend\node_modules\core-js\internals\shared.js
WARN * D:\csrs\frontend\node_modules\core-js\internals\shared-store.js
WARN     Used by 4 module(s), i. e.
WARN     D:\csrs\frontend\node_modules\core-js\internals\inspect-source.js
WARN There are multiple modules with names that only differ in casing.
WARN This can lead to unexpected behavior when compiling on a filesystem with other case-semantic.
WARN Use equal casing. Compare these module identifiers:
WARN * D:\CSRS\frontend\node_modules\core-js\internals\shared.js
WARN     Used by 4 module(s), i. e.
WARN     D:\CSRS\frontend\node_modules\core-js\internals\well-known-symbol.js
WARN * D:\csrs\frontend\node_modules\core-js\internals\shared.js
WARN     Used by 5 module(s), i. e.
WARN     D:\csrs\frontend\node_modules\core-js\modules\es.symbol.js
WARN There are multiple modules with names that only differ in casing.
WARN This can lead to unexpected behavior when compiling on a filesystem with other case-semantic.
WARN Use equal casing. Compare these module identifiers:
WARN * D:\CSRS\frontend\node_modules\core-js\internals\to-absolute-index.js
WARN     Used by 3 module(s), i. e.
WARN     D:\CSRS\frontend\node_modules\core-js\internals\array-slice-simple.js
WARN * D:\csrs\frontend\node_modules\core-js\internals\to-absolute-index.js
WARN     Used by 6 module(s), i. e.
WARN     D:\csrs\frontend\node_modules\core-js\modules\es.array.slice.js
WARN There are multiple modules with names that only differ in casing.
WARN This can lead to unexpected behavior when compiling on a filesystem with other case-semantic.
WARN Use equal casing. Compare these module identifiers:
WARN * D:\CSRS\frontend\node_modules\core-js\internals\to-indexed-object.js
WARN     Used by 8 module(s), i. e.
WARN     D:\CSRS\frontend\node_modules\core-js\modules\es.array.iterator.js
WARN * D:\csrs\frontend\node_modules\core-js\internals\to-indexed-object.js
WARN     Used by 13 module(s), i. e.
WARN     D:\csrs\frontend\node_modules\core-js\modules\es.array.slice.js
WARN There are multiple modules with names that only differ in casing.
WARN This can lead to unexpected behavior when compiling on a filesystem with other case-semantic.
WARN Use equal casing. Compare these module identifiers:
WARN * D:\CSRS\frontend\node_modules\core-js\internals\to-integer-or-infinity.js
WARN     Used by 3 module(s), i. e.
WARN     D:\CSRS\frontend\node_modules\core-js\internals\to-length.js
WARN * D:\csrs\frontend\node_modules\core-js\internals\to-integer-or-infinity.js
WARN     Used by 8 module(s), i. e.
WARN     D:\csrs\frontend\node_modules\core-js\modules\es.string.replace.js
WARN There are multiple modules with names that only differ in casing.
WARN This can lead to unexpected behavior when compiling on a filesystem with other case-semantic.
WARN Use equal casing. Compare these module identifiers:
WARN * D:\CSRS\frontend\node_modules\core-js\internals\to-length.js
WARN     Used by 2 module(s), i. e.
WARN     D:\CSRS\frontend\node_modules\core-js\internals\length-of-array-like.js
WARN * D:\csrs\frontend\node_modules\core-js\internals\to-length.js
WARN     Used by 7 module(s), i. e.
WARN     D:\csrs\frontend\node_modules\core-js\modules\es.string.match.js
WARN There are multiple modules with names that only differ in casing.
WARN This can lead to unexpected behavior when compiling on a filesystem with other case-semantic.
WARN Use equal casing. Compare these module identifiers:
WARN * D:\CSRS\frontend\node_modules\core-js\internals\to-object.js
WARN     Used by 6 module(s), i. e.
WARN     D:\CSRS\frontend\node_modules\core-js\internals\has-own-property.js
WARN * D:\csrs\frontend\node_modules\core-js\internals\to-object.js
WARN     Used by 13 module(s), i. e.
WARN     D:\csrs\frontend\node_modules\core-js\modules\es.symbol.js
WARN There are multiple modules with names that only differ in casing.
WARN This can lead to unexpected behavior when compiling on a filesystem with other case-semantic.
WARN Use equal casing. Compare these module identifiers:
WARN * D:\CSRS\frontend\node_modules\core-js\internals\to-primitive.js
WARN     Used by 2 module(s), i. e.
WARN     D:\CSRS\frontend\node_modules\core-js\internals\to-property-key.js
WARN * D:\csrs\frontend\node_modules\core-js\internals\to-primitive.js
WARN     Used by 3 module(s), i. e.
WARN     D:\csrs\frontend\node_modules\core-js\modules\es.number.constructor.js
WARN There are multiple modules with names that only differ in casing.
WARN This can lead to unexpected behavior when compiling on a filesystem with other case-semantic.
WARN Use equal casing. Compare these module identifiers:
WARN * D:\CSRS\frontend\node_modules\core-js\internals\to-property-key.js
WARN     Used by 5 module(s), i. e.
WARN     D:\CSRS\frontend\node_modules\core-js\internals\object-define-property.js
WARN * D:\csrs\frontend\node_modules\core-js\internals\to-property-key.js
WARN     Used by 5 module(s), i. e.
WARN     D:\csrs\frontend\node_modules\core-js\modules\es.symbol.js
WARN There are multiple modules with names that only differ in casing.
WARN This can lead to unexpected behavior when compiling on a filesystem with other case-semantic.
WARN Use equal casing. Compare these module identifiers:
WARN * D:\CSRS\frontend\node_modules\core-js\internals\to-string-tag-support.js
WARN     Used by 4 module(s), i. e.
WARN     D:\CSRS\frontend\node_modules\core-js\modules\es.object.to-string.js
WARN * D:\csrs\frontend\node_modules\core-js\internals\to-string-tag-support.js
WARN     Used by 4 module(s), i. e.
WARN     D:\csrs\frontend\node_modules\core-js\modules\es.object.to-string.js
WARN There are multiple modules with names that only differ in casing.
WARN This can lead to unexpected behavior when compiling on a filesystem with other case-semantic.
WARN Use equal casing. Compare these module identifiers:
WARN * D:\CSRS\frontend\node_modules\core-js\internals\to-string.js
WARN     Used by 3 module(s), i. e.
WARN     D:\CSRS\frontend\node_modules\core-js\modules\es.symbol.js
WARN * D:\csrs\frontend\node_modules\core-js\internals\to-string.js
WARN     Used by 20 module(s), i. e.
WARN     D:\csrs\frontend\node_modules\core-js\modules\es.symbol.description.js
WARN There are multiple modules with names that only differ in casing.
WARN This can lead to unexpected behavior when compiling on a filesystem with other case-semantic.
WARN Use equal casing. Compare these module identifiers:
WARN * D:\CSRS\frontend\node_modules\core-js\internals\try-to-string.js
WARN     Used by 2 module(s), i. e.
WARN     D:\CSRS\frontend\node_modules\core-js\internals\a-callable.js
WARN * D:\csrs\frontend\node_modules\core-js\internals\try-to-string.js
WARN     Used by 5 module(s), i. e.
WARN     D:\csrs\frontend\node_modules\core-js\internals\a-callable.js
WARN There are multiple modules with names that only differ in casing.
WARN This can lead to unexpected behavior when compiling on a filesystem with other case-semantic.
WARN Use equal casing. Compare these module identifiers:
WARN * D:\CSRS\frontend\node_modules\core-js\internals\uid.js
WARN     Used by 4 module(s), i. e.
WARN     D:\CSRS\frontend\node_modules\core-js\internals\well-known-symbol.js
WARN * D:\csrs\frontend\node_modules\core-js\internals\uid.js
WARN     Used by 5 module(s), i. e.
WARN     D:\csrs\frontend\node_modules\core-js\modules\es.symbol.js
WARN There are multiple modules with names that only differ in casing.
WARN This can lead to unexpected behavior when compiling on a filesystem with other case-semantic.
WARN Use equal casing. Compare these module identifiers:
WARN * D:\CSRS\frontend\node_modules\core-js\internals\use-symbol-as-uid.js
WARN     Used by 3 module(s), i. e.
WARN     D:\CSRS\frontend\node_modules\core-js\internals\well-known-symbol.js
WARN * D:\csrs\frontend\node_modules\core-js\internals\use-symbol-as-uid.js
WARN     Used by 3 module(s), i. e.
WARN     D:\csrs\frontend\node_modules\core-js\internals\well-known-symbol.js
WARN There are multiple modules with names that only differ in casing.
WARN This can lead to unexpected behavior when compiling on a filesystem with other case-semantic.
WARN Use equal casing. Compare these module identifiers:
WARN * D:\CSRS\frontend\node_modules\core-js\internals\v8-prototype-define-bug.js
WARN     Used by 3 module(s), i. e.
WARN     D:\CSRS\frontend\node_modules\core-js\internals\object-define-property.js
WARN * D:\csrs\frontend\node_modules\core-js\internals\v8-prototype-define-bug.js
WARN     Used by 3 module(s), i. e.
WARN     D:\csrs\frontend\node_modules\core-js\internals\object-define-property.js
WARN There are multiple modules with names that only differ in casing.
WARN This can lead to unexpected behavior when compiling on a filesystem with other case-semantic.
WARN Use equal casing. Compare these module identifiers:
WARN * D:\CSRS\frontend\node_modules\core-js\internals\well-known-symbol-wrapped.js
WARN     Used by 2 module(s), i. e.
WARN     D:\CSRS\frontend\node_modules\core-js\internals\define-well-known-symbol.js
WARN * D:\csrs\frontend\node_modules\core-js\internals\well-known-symbol-wrapped.js
WARN     Used by 2 module(s), i. e.
WARN     D:\csrs\frontend\node_modules\core-js\modules\es.symbol.js
WARN There are multiple modules with names that only differ in casing.
WARN This can lead to unexpected behavior when compiling on a filesystem with other case-semantic.
WARN Use equal casing. Compare these module identifiers:
WARN * D:\CSRS\frontend\node_modules\core-js\internals\well-known-symbol.js
WARN     Used by 14 module(s), i. e.
WARN     D:\CSRS\frontend\node_modules\core-js\internals\well-known-symbol-wrapped.js
WARN * D:\csrs\frontend\node_modules\core-js\internals\well-known-symbol.js
WARN     Used by 28 module(s), i. e.
WARN     D:\csrs\frontend\node_modules\core-js\modules\es.array.slice.js
WARN There are multiple modules with names that only differ in casing.
WARN This can lead to unexpected behavior when compiling on a filesystem with other case-semantic.
WARN Use equal casing. Compare these module identifiers:
WARN * D:\CSRS\frontend\node_modules\core-js\modules\es.array.concat.js
WARN     Used by 1 module(s), i. e.
WARN     D:\CSRS\frontend\node_modules\core-js\es\symbol\index.js
WARN * D:\csrs\frontend\node_modules\core-js\modules\es.array.concat.js
WARN     Used by 57 module(s), i. e.
WARN     D:\csrs\frontend\node_modules\@storybook\addon-docs\dist\esm\frameworks\react\jsxDecorator.js
WARN There are multiple modules with names that only differ in casing.
WARN This can lead to unexpected behavior when compiling on a filesystem with other case-semantic.
WARN Use equal casing. Compare these module identifiers:
WARN * D:\CSRS\frontend\node_modules\core-js\modules\es.array.iterator.js
WARN     Used by 2 module(s), i. e.
WARN     D:\CSRS\frontend\node_modules\core-js\modules\web.dom-collections.iterator.js
WARN * D:\csrs\frontend\node_modules\core-js\modules\es.array.iterator.js
WARN     Used by 75 module(s), i. e.
WARN     D:\csrs\frontend\node_modules\@storybook\addon-docs\dist\esm\frameworks\react\jsxDecorator.js
WARN There are multiple modules with names that only differ in casing.
WARN This can lead to unexpected behavior when compiling on a filesystem with other case-semantic.
WARN Use equal casing. Compare these module identifiers:
WARN * D:\CSRS\frontend\node_modules\core-js\modules\es.object.to-string.js
WARN     Used by 1 module(s), i. e.
WARN     D:\CSRS\frontend\node_modules\core-js\es\symbol\index.js
WARN * D:\csrs\frontend\node_modules\core-js\modules\es.object.to-string.js
WARN     Used by 84 module(s), i. e.
WARN     D:\csrs\frontend\node_modules\@storybook\addon-docs\dist\esm\frameworks\common\config.js
WARN There are multiple modules with names that only differ in casing.
WARN This can lead to unexpected behavior when compiling on a filesystem with other case-semantic.
WARN Use equal casing. Compare these module identifiers:
WARN * D:\CSRS\frontend\node_modules\core-js\modules\es.symbol.description.js
WARN     Used by 1 module(s), i. e.
WARN     D:\CSRS\frontend\node_modules\core-js\es\symbol\index.js
WARN * D:\csrs\frontend\node_modules\core-js\modules\es.symbol.description.js
WARN     Used by 79 module(s), i. e.
WARN     D:\csrs\frontend\node_modules\@storybook\addon-docs\dist\esm\frameworks\react\extractArgTypes.js
WARN There are multiple modules with names that only differ in casing.
WARN This can lead to unexpected behavior when compiling on a filesystem with other case-semantic.
WARN Use equal casing. Compare these module identifiers:
WARN * D:\CSRS\frontend\node_modules\core-js\modules\es.symbol.iterator.js
WARN     Used by 1 module(s), i. e.
WARN     D:\CSRS\frontend\node_modules\core-js\es\symbol\index.js
WARN * D:\csrs\frontend\node_modules\core-js\modules\es.symbol.iterator.js
WARN     Used by 66 module(s), i. e.
WARN     D:\csrs\frontend\node_modules\@storybook\addon-docs\dist\esm\frameworks\react\jsxDecorator.js
WARN There are multiple modules with names that only differ in casing.
WARN This can lead to unexpected behavior when compiling on a filesystem with other case-semantic.
WARN Use equal casing. Compare these module identifiers:
WARN * D:\CSRS\frontend\node_modules\core-js\modules\es.symbol.js
WARN     Used by 1 module(s), i. e.
WARN     D:\CSRS\frontend\node_modules\core-js\es\symbol\index.js
WARN * D:\csrs\frontend\node_modules\core-js\modules\es.symbol.js
WARN     Used by 108 module(s), i. e.
WARN     D:\csrs\frontend\node_modules\@storybook\addon-docs\dist\esm\frameworks\react\extractArgTypes.js
WARN There are multiple modules with names that only differ in casing.
WARN This can lead to unexpected behavior when compiling on a filesystem with other case-semantic.
WARN Use equal casing. Compare these module identifiers:
WARN * D:\CSRS\frontend\node_modules\core-js\modules\web.dom-collections.iterator.js
WARN     Used by 1 module(s), i. e.
WARN     D:\CSRS\frontend\node_modules\core-js\stable\symbol\index.js
WARN * D:\csrs\frontend\node_modules\core-js\modules\web.dom-collections.iterator.js
WARN     Used by 72 module(s), i. e.
WARN     D:\csrs\frontend\node_modules\@storybook\addon-docs\dist\esm\frameworks\react\jsxDecorator.js
WARN There are multiple modules with names that only differ in casing.
WARN This can lead to unexpected behavior when compiling on a filesystem with other case-semantic.
WARN Use equal casing. Compare these module identifiers:
WARN * D:\CSRS\frontend\node_modules\function-bind\implementation.js
WARN     Used by 2 module(s), i. e.
WARN     D:\CSRS\frontend\node_modules\function-bind\index.js
WARN * D:\csrs\frontend\node_modules\function-bind\implementation.js
WARN     Used by 2 module(s), i. e.
WARN     D:\csrs\frontend\node_modules\function-bind\index.js
WARN There are multiple modules with names that only differ in casing.
WARN This can lead to unexpected behavior when compiling on a filesystem with other case-semantic.
WARN Use equal casing. Compare these module identifiers:
WARN * D:\CSRS\frontend\node_modules\function-bind\index.js
WARN     Used by 4 module(s), i. e.
WARN     D:\CSRS\frontend\node_modules\call-bind\index.js
WARN * D:\csrs\frontend\node_modules\function-bind\index.js
WARN     Used by 4 module(s), i. e.
WARN     D:\csrs\frontend\node_modules\get-intrinsic\index.js
WARN There are multiple modules with names that only differ in casing.
WARN This can lead to unexpected behavior when compiling on a filesystem with other case-semantic.
WARN Use equal casing. Compare these module identifiers:
WARN * D:\CSRS\frontend\node_modules\get-intrinsic\index.js
WARN     Used by 60 module(s), i. e.
WARN     D:\CSRS\frontend\node_modules\array-includes\implementation.js
WARN * D:\csrs\frontend\node_modules\get-intrinsic\index.js
WARN     Used by 4 module(s), i. e.
WARN     D:\csrs\frontend\node_modules\side-channel\index.js
WARN There are multiple modules with names that only differ in casing.
WARN This can lead to unexpected behavior when compiling on a filesystem with other case-semantic.
WARN Use equal casing. Compare these module identifiers:
WARN * D:\CSRS\frontend\node_modules\global\window.js
WARN     Used by 2 module(s), i. e.
WARN     D:\CSRS\frontend\node_modules\@storybook\core-client\dist\esm\globals\globals.js
WARN * D:\csrs\frontend\node_modules\global\window.js
WARN     Used by 39 module(s), i. e.
WARN     D:\csrs\frontend\node_modules\@storybook\addon-links\dist\esm\preview.js
WARN There are multiple modules with names that only differ in casing.
WARN This can lead to unexpected behavior when compiling on a filesystem with other case-semantic.
WARN Use equal casing. Compare these module identifiers:
WARN * D:\CSRS\frontend\node_modules\has-symbols\index.js
WARN     Used by 12 module(s), i. e.
WARN     D:\CSRS\frontend\node_modules\get-intrinsic\index.js
WARN * D:\csrs\frontend\node_modules\has-symbols\index.js
WARN     Used by 3 module(s), i. e.
WARN     D:\csrs\frontend\node_modules\get-intrinsic\index.js
WARN There are multiple modules with names that only differ in casing.
WARN This can lead to unexpected behavior when compiling on a filesystem with other case-semantic.
WARN Use equal casing. Compare these module identifiers:
WARN * D:\CSRS\frontend\node_modules\has-symbols\shams.js
WARN     Used by 4 module(s), i. e.
WARN     D:\CSRS\frontend\node_modules\has-tostringtag\shams.js
WARN * D:\csrs\frontend\node_modules\has-symbols\shams.js
WARN     Used by 3 module(s), i. e.
WARN     D:\csrs\frontend\node_modules\has-symbols\index.js
WARN There are multiple modules with names that only differ in casing.
WARN This can lead to unexpected behavior when compiling on a filesystem with other case-semantic.
WARN Use equal casing. Compare these module identifiers:
WARN * D:\CSRS\frontend\node_modules\has-tostringtag\shams.js
WARN     Used by 5 module(s), i. e.
WARN     D:\CSRS\frontend\node_modules\is-string\index.js
WARN * D:\csrs\frontend\node_modules\has-tostringtag\shams.js
WARN     Used by 2 module(s), i. e.
WARN     D:\csrs\frontend\node_modules\is-regex\index.js
WARN There are multiple modules with names that only differ in casing.
WARN This can lead to unexpected behavior when compiling on a filesystem with other case-semantic.
WARN Use equal casing. Compare these module identifiers:
WARN * D:\CSRS\frontend\node_modules\has\src\index.js
WARN     Used by 9 module(s), i. e.
WARN     D:\CSRS\frontend\node_modules\get-intrinsic\index.js
WARN * D:\csrs\frontend\node_modules\has\src\index.js
WARN     Used by 2 module(s), i. e.
WARN     D:\csrs\frontend\node_modules\get-intrinsic\index.js
WARN There are multiple modules with names that only differ in casing.
WARN This can lead to unexpected behavior when compiling on a filesystem with other case-semantic.
WARN Use equal casing. Compare these module identifiers:
WARN * D:\CSRS\frontend\node_modules\is-regex\index.js
WARN     Used by 2 module(s), i. e.
WARN     javascript/dynamic|D:\CSRS\frontend\node_modules\es-abstract\2021\IsRegExp.js
WARN * D:\csrs\frontend\node_modules\is-regex\index.js
WARN     Used by 2 module(s), i. e.
WARN     D:\csrs\frontend\node_modules\telejson\dist\esm\index.js
WARN There are multiple modules with names that only differ in casing.
WARN This can lead to unexpected behavior when compiling on a filesystem with other case-semantic.
WARN Use equal casing. Compare these module identifiers:
WARN * D:\CSRS\frontend\node_modules\is-symbol\index.js
WARN     Used by 2 module(s), i. e.
WARN     D:\CSRS\frontend\node_modules\es-to-primitive\es2015.js
WARN * D:\csrs\frontend\node_modules\is-symbol\index.js
WARN     Used by 2 module(s), i. e.
WARN     D:\csrs\frontend\node_modules\telejson\dist\esm\index.js
WARN There are multiple modules with names that only differ in casing.
WARN This can lead to unexpected behavior when compiling on a filesystem with other case-semantic.
WARN Use equal casing. Compare these module identifiers:
WARN * D:\CSRS\frontend\node_modules\object-inspect\index.js
WARN     Used by 5 module(s), i. e.
WARN     javascript/dynamic|D:\CSRS\frontend\node_modules\es-abstract\2021\Get.js
WARN * D:\csrs\frontend\node_modules\object-inspect\index.js
WARN     Used by 2 module(s), i. e.
WARN     D:\csrs\frontend\node_modules\side-channel\index.js
WARN There are multiple modules with names that only differ in casing.
WARN This can lead to unexpected behavior when compiling on a filesystem with other case-semantic.
WARN Use equal casing. Compare these module identifiers:
WARN * D:\CSRS\frontend\node_modules\process\browser.js
WARN     Used by 3 module(s), i. e.
WARN     D:\CSRS\frontend\node_modules\es6-shim\es6-shim.js
WARN * D:\csrs\frontend\node_modules\process\browser.js
WARN     Used by 4 module(s), i. e.
WARN     D:\csrs\frontend\node_modules\path-browserify\index.js
WARN There are multiple modules with names that only differ in casing.
WARN This can lead to unexpected behavior when compiling on a filesystem with other case-semantic.
WARN Use equal casing. Compare these module identifiers:
WARN * D:\CSRS\frontend\node_modules\regenerator-runtime\runtime.js
WARN     Used by 2 module(s), i. e.
WARN     D:\CSRS\frontend\node_modules\@storybook\core-client\dist\esm\globals\polyfills.js
WARN * D:\csrs\frontend\node_modules\regenerator-runtime\runtime.js
WARN     Used by 10 module(s), i. e.
WARN     D:\csrs\frontend\node_modules\@storybook\addon-docs\dist\esm\frameworks\common\config.js
WARN There are multiple modules with names that only differ in casing.
WARN This can lead to unexpected behavior when compiling on a filesystem with other case-semantic.
WARN Use equal casing. Compare these module identifiers:
WARN * D:\CSRS\frontend\node_modules\side-channel\index.js
WARN     Used by 2 module(s), i. e.
WARN     D:\CSRS\frontend\node_modules\internal-slot\index.js
WARN * D:\csrs\frontend\node_modules\side-channel\index.js
WARN     Used by 2 module(s), i. e.
WARN     D:\csrs\frontend\node_modules\qs\lib\stringify.js
WARN There are multiple modules with names that only differ in casing.
WARN This can lead to unexpected behavior when compiling on a filesystem with other case-semantic.
WARN Use equal casing. Compare these module identifiers:
WARN * ignored|D:\CSRS\frontend\node_modules\object-inspect|./util.inspect
WARN     Used by 1 module(s), i. e.
WARN     D:\CSRS\frontend\node_modules\object-inspect\index.js
WARN * ignored|D:\csrs\frontend\node_modules\object-inspect|./util.inspect
WARN     Used by 1 module(s), i. e.
WARN     D:\csrs\frontend\node_modules\object-inspect\index.js
WARN 
WARN src\assets\img\index.js
WARN   Line 8:1:  Assign object to a variable before exporting as module default  import/no-anonymous-default-export
WARN 
WARN src\components\atoms\Btn\index.jsx
WARN   Line 12:49:  No duplicate props allowed  react/jsx-no-duplicate-props
WARN 
WARN src\components\atoms\Btn\index.stories.jsx
WARN   Line 2:27:  'Router' is defined but never used  no-unused-vars
WARN   Line 2:35:  'Route' is defined but never used   no-unused-vars
WARN 
WARN src\components\molecules\ImgBtn\index.stories.jsx
WARN   Line 2:10:  'boolean' is defined but never used  no-unused-vars
WARN 
WARN src\components\molecules\NavBarButton\index.jsx
WARN   Line 3:10:  'NAV_BAR_LOGOUT' is defined but never used   no-unused-vars
WARN   Line 3:26:  'NAV_BAR_LOGIN' is defined but never used    no-unused-vars
WARN   Line 3:41:  'NAV_BAR_SIGN_UP' is defined but never used  no-unused-vars
WARN   Line 3:58:  'NAV_BAR_SETTING' is defined but never used  no-unused-vars
WARN 
WARN src\components\molecules\NavBarButton\index.stories.jsx
WARN   Line 2:10:  'boolean' is defined but never used  no-unused-vars
WARN 
WARN src\components\molecules\NavBarButton\style.js
WARN   Line 1:18:  'css' is defined but never used  no-unused-vars
WARN 
WARN src\components\organisms\NavBar\index.stories.jsx
WARN   Line 3:10:  'text' is defined but never used  no-unused-vars
WARN 
WARN 
WARN asset size limit: The following asset(s) exceed the recommended size limit (244 KiB).
WARN This can impact web performance.
WARN Assets: 
WARN   169.92bb15d6.iframe.bundle.js (554 KiB)
WARN   73.c036eb51.iframe.bundle.js (1.71 MiB)
WARN entrypoint size limit: The following entrypoint(s) combined asset size exceeds the recommended limit (244 KiB). This can impact web performance.
WARN Entrypoints:
WARN   main (1.75 MiB)
WARN       runtime~main.e02aca70.iframe.bundle.js
WARN       73.c036eb51.iframe.bundle.js
WARN       main.36623bd7.iframe.bundle.js
WARN 
<s> [webpack.Progress] 99% cache shutdown
<s> [webpack.Progress] 99% cache shutdown
<s> [webpack.Progress] 100% 

info => Manager built (49 s)
info => Output directory: C:\Users\user\AppData\Local\Temp\chromatic--21172-4vg66z0e7jsK
